[INFO ] 2019-07-13T18:07:08,722Z [main] cordapp.JarScanningCordappLoader.<init> - Loading CorDapps from RestrictedURL(url=file:/Users/Matt/Documents/bootcamp-cordapp/build/generated-custom-cordapps/20190713-180705.908/custom-cordapp_1_4_f59c5c2b-58fe-4de2-9a1e-3e13e79db4a7.jar, rootPackageName=null) {}
[INFO ] 2019-07-13T18:07:08,850Z [main] cordapp.JarScanningCordappLoader.scanCordapp - Scanning CorDapp in file:/Users/Matt/Documents/bootcamp-cordapp/build/generated-custom-cordapps/20190713-180705.908/custom-cordapp_1_4_f59c5c2b-58fe-4de2-9a1e-3e13e79db4a7.jar {}
[INFO ] 2019-07-13T18:07:09,006Z [main] cordapp.JarScanningCordappLoader.findNotaryService - Found notary service CorDapp implementations:  {}
[INFO ] 2019-07-13T18:07:12,583Z [main] cordapp.JarScanningCordappLoader.<init> - Loading CorDapps from RestrictedURL(url=file:/Users/Matt/Documents/bootcamp-cordapp/build/generated-custom-cordapps/20190713-180705.908/custom-cordapp_1_4_f59c5c2b-58fe-4de2-9a1e-3e13e79db4a7.jar, rootPackageName=null) {}
[INFO ] 2019-07-13T18:07:12,583Z [main] cordapp.JarScanningCordappLoader.scanCordapp - Scanning CorDapp in file:/Users/Matt/Documents/bootcamp-cordapp/build/generated-custom-cordapps/20190713-180705.908/custom-cordapp_1_4_f59c5c2b-58fe-4de2-9a1e-3e13e79db4a7.jar {}
[INFO ] 2019-07-13T18:07:12,614Z [main] cordapp.JarScanningCordappLoader.findNotaryService - Found notary service CorDapp implementations:  {}
[WARN ] 2019-07-13T18:07:12,798Z [main] contracts.TransactionState.<init> - State class bootcamp.TokenState is not annotated with @BelongsToContract, and does not have an enclosing class which implements Contract. Annotate TokenState with @BelongsToContract(bootcamp.TokenContract.class) to remove this warning. {}
[WARN ] 2019-07-13T18:07:12,810Z [main] contracts.AttachmentConstraint.warnOnce - Found state bootcamp.TokenContract that is constrained by the insecure: AlwaysAcceptAttachmentConstraint. {}
[INFO ] 2019-07-13T18:07:12,937Z [main] model.LocalTypeInformationBuilder.buildNonAtomic - Properties of type bootcamp.TokenState do not satisfy its constructor, type has been marked as non-composable {}
[INFO ] 2019-07-13T18:09:01,559Z [main] cordapp.JarScanningCordappLoader.<init> - Loading CorDapps from RestrictedURL(url=file:/Users/Matt/Documents/bootcamp-cordapp/build/generated-custom-cordapps/20190713-180900.455/custom-cordapp_1_4_427d26ce-7dd5-42cd-99fd-16a56c62eccb.jar, rootPackageName=null) {}
[INFO ] 2019-07-13T18:09:01,651Z [main] cordapp.JarScanningCordappLoader.scanCordapp - Scanning CorDapp in file:/Users/Matt/Documents/bootcamp-cordapp/build/generated-custom-cordapps/20190713-180900.455/custom-cordapp_1_4_427d26ce-7dd5-42cd-99fd-16a56c62eccb.jar {}
[INFO ] 2019-07-13T18:09:01,773Z [main] cordapp.JarScanningCordappLoader.findNotaryService - Found notary service CorDapp implementations:  {}
[INFO ] 2019-07-13T18:09:03,902Z [main] cordapp.JarScanningCordappLoader.<init> - Loading CorDapps from RestrictedURL(url=file:/Users/Matt/Documents/bootcamp-cordapp/build/generated-custom-cordapps/20190713-180900.455/custom-cordapp_1_4_427d26ce-7dd5-42cd-99fd-16a56c62eccb.jar, rootPackageName=null) {}
[INFO ] 2019-07-13T18:09:03,902Z [main] cordapp.JarScanningCordappLoader.scanCordapp - Scanning CorDapp in file:/Users/Matt/Documents/bootcamp-cordapp/build/generated-custom-cordapps/20190713-180900.455/custom-cordapp_1_4_427d26ce-7dd5-42cd-99fd-16a56c62eccb.jar {}
[INFO ] 2019-07-13T18:09:03,952Z [main] cordapp.JarScanningCordappLoader.findNotaryService - Found notary service CorDapp implementations:  {}
[WARN ] 2019-07-13T18:09:04,110Z [main] contracts.TransactionState.<init> - State class bootcamp.TokenState is not annotated with @BelongsToContract, and does not have an enclosing class which implements Contract. Annotate TokenState with @BelongsToContract(bootcamp.TokenContract.class) to remove this warning. {}
[WARN ] 2019-07-13T18:09:04,122Z [main] contracts.AttachmentConstraint.warnOnce - Found state bootcamp.TokenContract that is constrained by the insecure: AlwaysAcceptAttachmentConstraint. {}
[INFO ] 2019-07-13T18:09:04,232Z [main] model.LocalTypeInformationBuilder.buildNonAtomic - Properties of type bootcamp.TokenState do not satisfy its constructor, type has been marked as non-composable {}
[INFO ] 2019-07-13T18:10:41,244Z [main] cordapp.JarScanningCordappLoader.<init> - Loading CorDapps from RestrictedURL(url=file:/Users/Matt/Documents/bootcamp-cordapp/build/generated-custom-cordapps/20190713-181039.928/custom-cordapp_1_4_e4a6d36f-2d95-499e-aa79-4bc3be733cb9.jar, rootPackageName=null) {}
[INFO ] 2019-07-13T18:10:41,318Z [main] cordapp.JarScanningCordappLoader.scanCordapp - Scanning CorDapp in file:/Users/Matt/Documents/bootcamp-cordapp/build/generated-custom-cordapps/20190713-181039.928/custom-cordapp_1_4_e4a6d36f-2d95-499e-aa79-4bc3be733cb9.jar {}
[INFO ] 2019-07-13T18:10:41,436Z [main] cordapp.JarScanningCordappLoader.findNotaryService - Found notary service CorDapp implementations:  {}
[WARN ] 2019-07-13T18:10:44,520Z [main] contracts.TransactionState.<init> - State class bootcamp.TokenState is not annotated with @BelongsToContract, and does not have an enclosing class which implements Contract. Annotate TokenState with @BelongsToContract(bootcamp.TokenContract.class) to remove this warning. {}
[WARN ] 2019-07-13T18:10:44,546Z [main] contracts.AttachmentConstraint.warnOnce - Found state bootcamp.TokenContract that is constrained by the insecure: AlwaysAcceptAttachmentConstraint. {}
[INFO ] 2019-07-13T18:10:44,721Z [main] model.LocalTypeInformationBuilder.buildNonAtomic - Properties of type bootcamp.TokenState do not satisfy its constructor, type has been marked as non-composable {}
[INFO ] 2019-07-13T18:13:50,313Z [main] cordapp.JarScanningCordappLoader.<init> - Loading CorDapps from RestrictedURL(url=file:/Users/Matt/Documents/bootcamp-cordapp/build/generated-custom-cordapps/20190713-181349.183/custom-cordapp_1_4_a29cea6e-24ac-4ce1-80ac-d42c3367a9ea.jar, rootPackageName=null) {}
[INFO ] 2019-07-13T18:13:50,416Z [main] cordapp.JarScanningCordappLoader.scanCordapp - Scanning CorDapp in file:/Users/Matt/Documents/bootcamp-cordapp/build/generated-custom-cordapps/20190713-181349.183/custom-cordapp_1_4_a29cea6e-24ac-4ce1-80ac-d42c3367a9ea.jar {}
[INFO ] 2019-07-13T18:13:50,517Z [main] cordapp.JarScanningCordappLoader.findNotaryService - Found notary service CorDapp implementations:  {}
[WARN ] 2019-07-13T18:13:52,532Z [main] contracts.TransactionState.<init> - State class bootcamp.TokenState is not annotated with @BelongsToContract, and does not have an enclosing class which implements Contract. Annotate TokenState with @BelongsToContract(bootcamp.TokenContract.class) to remove this warning. {}
[WARN ] 2019-07-13T18:13:52,561Z [main] contracts.AttachmentConstraint.warnOnce - Found state bootcamp.TokenContract that is constrained by the insecure: AlwaysAcceptAttachmentConstraint. {}
[INFO ] 2019-07-13T18:13:52,675Z [main] model.LocalTypeInformationBuilder.buildNonAtomic - Properties of type bootcamp.TokenState do not satisfy its constructor, type has been marked as non-composable {}
[INFO ] 2019-07-13T18:17:26,622Z [main] cordapp.JarScanningCordappLoader.<init> - Loading CorDapps from RestrictedURL(url=file:/Users/Matt/Documents/bootcamp-cordapp/build/generated-custom-cordapps/20190713-181725.284/custom-cordapp_1_4_69072462-40ac-405f-8077-a66c2915f7b1.jar, rootPackageName=null) {}
[INFO ] 2019-07-13T18:17:26,708Z [main] cordapp.JarScanningCordappLoader.scanCordapp - Scanning CorDapp in file:/Users/Matt/Documents/bootcamp-cordapp/build/generated-custom-cordapps/20190713-181725.284/custom-cordapp_1_4_69072462-40ac-405f-8077-a66c2915f7b1.jar {}
[INFO ] 2019-07-13T18:17:26,899Z [main] cordapp.JarScanningCordappLoader.findNotaryService - Found notary service CorDapp implementations:  {}
[WARN ] 2019-07-13T18:17:28,812Z [main] contracts.TransactionState.<init> - State class bootcamp.TokenState is not annotated with @BelongsToContract, and does not have an enclosing class which implements Contract. Annotate TokenState with @BelongsToContract(bootcamp.TokenContract.class) to remove this warning. {}
[WARN ] 2019-07-13T18:17:28,824Z [main] contracts.AttachmentConstraint.warnOnce - Found state bootcamp.TokenContract that is constrained by the insecure: AlwaysAcceptAttachmentConstraint. {}
[INFO ] 2019-07-13T18:17:28,940Z [main] model.LocalTypeInformationBuilder.buildNonAtomic - Properties of type bootcamp.TokenState do not satisfy its constructor, type has been marked as non-composable {}
[INFO ] 2019-07-13T18:20:46,570Z [main] cordapp.JarScanningCordappLoader.<init> - Loading CorDapps from RestrictedURL(url=file:/Users/Matt/Documents/bootcamp-cordapp/build/generated-custom-cordapps/20190713-182045.468/custom-cordapp_1_4_0ca8b0b3-e5f2-4fa0-9d95-4e6ccb86face.jar, rootPackageName=null) {}
[INFO ] 2019-07-13T18:20:46,690Z [main] cordapp.JarScanningCordappLoader.scanCordapp - Scanning CorDapp in file:/Users/Matt/Documents/bootcamp-cordapp/build/generated-custom-cordapps/20190713-182045.468/custom-cordapp_1_4_0ca8b0b3-e5f2-4fa0-9d95-4e6ccb86face.jar {}
[INFO ] 2019-07-13T18:20:46,777Z [main] cordapp.JarScanningCordappLoader.findNotaryService - Found notary service CorDapp implementations:  {}
[WARN ] 2019-07-13T18:20:49,262Z [main] contracts.TransactionState.<init> - State class bootcamp.TokenState is not annotated with @BelongsToContract, and does not have an enclosing class which implements Contract. Annotate TokenState with @BelongsToContract(bootcamp.TokenContract.class) to remove this warning. {}
[WARN ] 2019-07-13T18:20:49,276Z [main] contracts.AttachmentConstraint.warnOnce - Found state bootcamp.TokenContract that is constrained by the insecure: AlwaysAcceptAttachmentConstraint. {}
[WARN ] 2019-07-13T18:20:53,052Z [main] contracts.TransactionState.<init> - State class bootcamp.TokenState is not annotated with @BelongsToContract, and does not have an enclosing class which implements Contract. Annotate TokenState with @BelongsToContract(bootcamp.TokenContract.class) to remove this warning. {}
[ERROR] 2019-07-13T18:20:53,114Z [main] internal.Verifier.verifyContracts - Error validating transaction 413D333A10537AB75FB0DA06FC4133A6AFAC6A9787652519FDCFCAFCA0B5C51F. [errorCode=gtgacr, moreInformationAt=https://errors.corda.net/OS/4.0/gtgacr] {}
java.lang.IllegalArgumentException: Command must be the Issue command
	at bootcamp.TokenContract.verify(TokenContract.java:44) ~[main/:?]
	at net.corda.core.internal.Verifier.verifyContracts(TransactionVerifierServiceInternal.kt:377) ~[corda-core-4.0.jar:?]
	at net.corda.core.internal.Verifier.verify(TransactionVerifierServiceInternal.kt:71) ~[corda-core-4.0.jar:?]
	at net.corda.core.transactions.LedgerTransaction.verify(LedgerTransaction.kt:125) ~[corda-core-4.0.jar:?]
	at net.corda.core.transactions.TransactionBuilder.addMissingDependency(TransactionBuilder.kt:173) ~[corda-core-4.0.jar:?]
	at net.corda.core.transactions.TransactionBuilder.toWireTransactionWithContext$core(TransactionBuilder.kt:160) ~[corda-core-4.0.jar:?]
	at net.corda.core.transactions.TransactionBuilder.toWireTransactionWithContext$core$default(TransactionBuilder.kt:128) ~[corda-core-4.0.jar:?]
	at net.corda.core.transactions.TransactionBuilder.toWireTransaction(TransactionBuilder.kt:125) ~[corda-core-4.0.jar:?]
	at net.corda.testing.dsl.TestTransactionDSLInterpreter.toWireTransaction$test_utils(TestDSL.kt:95) ~[corda-test-utils-4.0.jar:?]
	at net.corda.testing.dsl.TestLedgerDSLInterpreter.recordTransactionWithTransactionMap(TestDSL.kt:257) ~[corda-test-utils-4.0.jar:?]
	at net.corda.testing.dsl.TestLedgerDSLInterpreter._unverifiedTransaction(TestDSL.kt:295) ~[corda-test-utils-4.0.jar:?]
	at net.corda.testing.dsl.TransactionDSL.input(TransactionDSLInterpreter.kt:150) ~[corda-test-utils-4.0.jar:?]
	at bootcamp.ContractTests.lambda$tokenContractRequiresZeroInputsInTheTransaction$0(ContractTests.java:30) ~[test/:?]
	at net.corda.testing.node.NodeTestUtils$transaction$1.invoke(NodeTestUtils.kt:54) ~[corda-node-driver-4.0.jar:?]
	at net.corda.testing.node.NodeTestUtils$transaction$1.invoke(NodeTestUtils.kt) ~[corda-node-driver-4.0.jar:?]
	at net.corda.testing.node.NodeTestUtils$ledger$2.invoke(NodeTestUtils.kt:39) ~[corda-node-driver-4.0.jar:?]
	at net.corda.testing.node.NodeTestUtils$ledger$2.invoke(NodeTestUtils.kt) ~[corda-node-driver-4.0.jar:?]
	at net.corda.testing.internal.InternalTestUtilsKt$withTestSerializationEnvIfNotSet$1.invoke(InternalTestUtils.kt:214) ~[corda-test-utils-4.0.jar:?]
	at net.corda.testing.internal.InternalTestUtilsKt$withTestSerializationEnvIfNotSet$1.invoke(InternalTestUtils.kt) ~[corda-test-utils-4.0.jar:?]
	at net.corda.testing.common.internal.CommonSerializationTestHelpersKt.asContextEnv(CommonSerializationTestHelpers.kt:11) ~[corda-test-common-4.0.jar:?]
	at net.corda.testing.internal.InternalSerializationTestHelpersKt.asTestContextEnv(InternalSerializationTestHelpers.kt:33) ~[corda-test-utils-4.0.jar:?]
	at net.corda.testing.internal.InternalSerializationTestHelpersKt.asTestContextEnv$default(InternalSerializationTestHelpers.kt:31) ~[corda-test-utils-4.0.jar:?]
	at net.corda.testing.internal.InternalTestUtilsKt.withTestSerializationEnvIfNotSet(InternalTestUtils.kt:214) ~[corda-test-utils-4.0.jar:?]
	at net.corda.testing.node.NodeTestUtils.ledger(NodeTestUtils.kt:36) ~[corda-node-driver-4.0.jar:?]
	at net.corda.testing.node.NodeTestUtils.transaction(NodeTestUtils.kt:53) ~[corda-node-driver-4.0.jar:?]
	at net.corda.testing.node.NodeTestUtils.transaction$default(NodeTestUtils.kt:51) ~[corda-node-driver-4.0.jar:?]
	at net.corda.testing.node.NodeTestUtils.transaction(NodeTestUtils.kt) ~[corda-node-driver-4.0.jar:?]
	at bootcamp.ContractTests.tokenContractRequiresZeroInputsInTheTransaction(ContractTests.java:28) ~[test/:?]
	at sun.reflect.NativeMethodAccessorImpl.invoke0(Native Method) ~[?:1.8.0_121]
	at sun.reflect.NativeMethodAccessorImpl.invoke(NativeMethodAccessorImpl.java:62) ~[?:1.8.0_121]
	at sun.reflect.DelegatingMethodAccessorImpl.invoke(DelegatingMethodAccessorImpl.java:43) ~[?:1.8.0_121]
	at java.lang.reflect.Method.invoke(Method.java:498) ~[?:1.8.0_121]
	at org.junit.runners.model.FrameworkMethod$1.runReflectiveCall(FrameworkMethod.java:50) ~[junit-4.12.jar:4.12]
	at org.junit.internal.runners.model.ReflectiveCallable.run(ReflectiveCallable.java:12) ~[junit-4.12.jar:4.12]
	at org.junit.runners.model.FrameworkMethod.invokeExplosively(FrameworkMethod.java:47) ~[junit-4.12.jar:4.12]
	at org.junit.internal.runners.statements.InvokeMethod.evaluate(InvokeMethod.java:17) ~[junit-4.12.jar:4.12]
	at org.junit.runners.ParentRunner.runLeaf(ParentRunner.java:325) ~[junit-4.12.jar:4.12]
	at org.junit.runners.BlockJUnit4ClassRunner.runChild(BlockJUnit4ClassRunner.java:78) ~[junit-4.12.jar:4.12]
	at org.junit.runners.BlockJUnit4ClassRunner.runChild(BlockJUnit4ClassRunner.java:57) ~[junit-4.12.jar:4.12]
	at org.junit.runners.ParentRunner$3.run(ParentRunner.java:290) ~[junit-4.12.jar:4.12]
	at org.junit.runners.ParentRunner$1.schedule(ParentRunner.java:71) ~[junit-4.12.jar:4.12]
	at org.junit.runners.ParentRunner.runChildren(ParentRunner.java:288) ~[junit-4.12.jar:4.12]
	at org.junit.runners.ParentRunner.access$000(ParentRunner.java:58) ~[junit-4.12.jar:4.12]
	at org.junit.runners.ParentRunner$2.evaluate(ParentRunner.java:268) ~[junit-4.12.jar:4.12]
	at org.junit.runners.ParentRunner.run(ParentRunner.java:363) ~[junit-4.12.jar:4.12]
	at org.junit.runner.JUnitCore.run(JUnitCore.java:137) ~[junit-4.12.jar:4.12]
	at com.intellij.junit4.JUnit4IdeaTestRunner.startRunnerWithArgs(JUnit4IdeaTestRunner.java:68) ~[junit-rt.jar:?]
	at com.intellij.rt.execution.junit.IdeaTestRunner$Repeater.startRunnerWithArgs(IdeaTestRunner.java:47) ~[junit-rt.jar:?]
	at com.intellij.rt.execution.junit.JUnitStarter.prepareStreamsAndStart(JUnitStarter.java:242) ~[junit-rt.jar:?]
	at com.intellij.rt.execution.junit.JUnitStarter.main(JUnitStarter.java:70) ~[junit-rt.jar:?]
[WARN ] 2019-07-13T18:20:53,119Z [main] contracts.TransactionState.<init> - State class bootcamp.TokenState is not annotated with @BelongsToContract, and does not have an enclosing class which implements Contract. Annotate TokenState with @BelongsToContract(bootcamp.TokenContract.class) to remove this warning. {}
[WARN ] 2019-07-13T18:20:53,125Z [main] contracts.TransactionState.<init> - State class bootcamp.TokenState is not annotated with @BelongsToContract, and does not have an enclosing class which implements Contract. Annotate TokenState with @BelongsToContract(bootcamp.TokenContract.class) to remove this warning. {}
[WARN ] 2019-07-13T18:20:53,180Z [main] contracts.TransactionState.<init> - State class bootcamp.TokenState is not annotated with @BelongsToContract, and does not have an enclosing class which implements Contract. Annotate TokenState with @BelongsToContract(bootcamp.TokenContract.class) to remove this warning. {}
[WARN ] 2019-07-13T18:20:53,184Z [main] contracts.TransactionState.<init> - State class bootcamp.TokenState is not annotated with @BelongsToContract, and does not have an enclosing class which implements Contract. Annotate TokenState with @BelongsToContract(bootcamp.TokenContract.class) to remove this warning. {}
[WARN ] 2019-07-13T18:20:53,192Z [main] contracts.TransactionState.<init> - State class bootcamp.TokenState is not annotated with @BelongsToContract, and does not have an enclosing class which implements Contract. Annotate TokenState with @BelongsToContract(bootcamp.TokenContract.class) to remove this warning. {}
[ERROR] 2019-07-13T18:20:53,192Z [main] internal.Verifier.verifyContracts - Error validating transaction 0186FC26076E0C7ED0CDA549909CC8611159CCDB9CA43F0A902FF84DA399A5E8. [errorCode=gtgacr, moreInformationAt=https://errors.corda.net/OS/4.0/gtgacr] {}
java.lang.IllegalArgumentException: Must have no inputs
	at bootcamp.TokenContract.verify(TokenContract.java:30) ~[main/:?]
	at net.corda.core.internal.Verifier.verifyContracts(TransactionVerifierServiceInternal.kt:377) ~[corda-core-4.0.jar:?]
	at net.corda.core.internal.Verifier.verify(TransactionVerifierServiceInternal.kt:71) ~[corda-core-4.0.jar:?]
	at net.corda.core.transactions.LedgerTransaction.verify(LedgerTransaction.kt:125) ~[corda-core-4.0.jar:?]
	at net.corda.core.transactions.TransactionBuilder.addMissingDependency(TransactionBuilder.kt:173) ~[corda-core-4.0.jar:?]
	at net.corda.core.transactions.TransactionBuilder.toWireTransactionWithContext$core(TransactionBuilder.kt:160) ~[corda-core-4.0.jar:?]
	at net.corda.core.transactions.TransactionBuilder.toWireTransactionWithContext$core$default(TransactionBuilder.kt:128) ~[corda-core-4.0.jar:?]
	at net.corda.core.transactions.TransactionBuilder.toWireTransaction(TransactionBuilder.kt:125) ~[corda-core-4.0.jar:?]
	at net.corda.testing.dsl.TestTransactionDSLInterpreter.toWireTransaction$test_utils(TestDSL.kt:95) ~[corda-test-utils-4.0.jar:?]
	at net.corda.testing.dsl.TestTransactionDSLInterpreter.verifies(TestDSL.kt:139) ~[corda-test-utils-4.0.jar:?]
	at net.corda.testing.dsl.Verifies$DefaultImpls.failsWith(LedgerDSLInterpreter.kt:45) ~[corda-test-utils-4.0.jar:?]
	at net.corda.testing.dsl.TransactionDSLInterpreter$DefaultImpls.failsWith(TransactionDSLInterpreter.kt) ~[corda-test-utils-4.0.jar:?]
	at net.corda.testing.dsl.TestTransactionDSLInterpreter.failsWith(TestDSL.kt:69) ~[corda-test-utils-4.0.jar:?]
	at net.corda.testing.dsl.Verifies$DefaultImpls.fails(LedgerDSLInterpreter.kt:75) ~[corda-test-utils-4.0.jar:?]
	at net.corda.testing.dsl.TransactionDSLInterpreter$DefaultImpls.fails(TransactionDSLInterpreter.kt) ~[corda-test-utils-4.0.jar:?]
	at net.corda.testing.dsl.TestTransactionDSLInterpreter.fails(TestDSL.kt:69) ~[corda-test-utils-4.0.jar:?]
	at net.corda.testing.dsl.TransactionDSL.fails(TransactionDSLInterpreter.kt) ~[corda-test-utils-4.0.jar:?]
	at bootcamp.ContractTests.lambda$tokenContractRequiresZeroInputsInTheTransaction$0(ContractTests.java:33) ~[test/:?]
	at net.corda.testing.node.NodeTestUtils$transaction$1.invoke(NodeTestUtils.kt:54) ~[corda-node-driver-4.0.jar:?]
	at net.corda.testing.node.NodeTestUtils$transaction$1.invoke(NodeTestUtils.kt) ~[corda-node-driver-4.0.jar:?]
	at net.corda.testing.node.NodeTestUtils$ledger$2.invoke(NodeTestUtils.kt:39) ~[corda-node-driver-4.0.jar:?]
	at net.corda.testing.node.NodeTestUtils$ledger$2.invoke(NodeTestUtils.kt) ~[corda-node-driver-4.0.jar:?]
	at net.corda.testing.internal.InternalTestUtilsKt$withTestSerializationEnvIfNotSet$1.invoke(InternalTestUtils.kt:214) ~[corda-test-utils-4.0.jar:?]
	at net.corda.testing.internal.InternalTestUtilsKt$withTestSerializationEnvIfNotSet$1.invoke(InternalTestUtils.kt) ~[corda-test-utils-4.0.jar:?]
	at net.corda.testing.common.internal.CommonSerializationTestHelpersKt.asContextEnv(CommonSerializationTestHelpers.kt:11) ~[corda-test-common-4.0.jar:?]
	at net.corda.testing.internal.InternalSerializationTestHelpersKt.asTestContextEnv(InternalSerializationTestHelpers.kt:33) ~[corda-test-utils-4.0.jar:?]
	at net.corda.testing.internal.InternalSerializationTestHelpersKt.asTestContextEnv$default(InternalSerializationTestHelpers.kt:31) ~[corda-test-utils-4.0.jar:?]
	at net.corda.testing.internal.InternalTestUtilsKt.withTestSerializationEnvIfNotSet(InternalTestUtils.kt:214) ~[corda-test-utils-4.0.jar:?]
	at net.corda.testing.node.NodeTestUtils.ledger(NodeTestUtils.kt:36) ~[corda-node-driver-4.0.jar:?]
	at net.corda.testing.node.NodeTestUtils.transaction(NodeTestUtils.kt:53) ~[corda-node-driver-4.0.jar:?]
	at net.corda.testing.node.NodeTestUtils.transaction$default(NodeTestUtils.kt:51) ~[corda-node-driver-4.0.jar:?]
	at net.corda.testing.node.NodeTestUtils.transaction(NodeTestUtils.kt) ~[corda-node-driver-4.0.jar:?]
	at bootcamp.ContractTests.tokenContractRequiresZeroInputsInTheTransaction(ContractTests.java:28) ~[test/:?]
	at sun.reflect.NativeMethodAccessorImpl.invoke0(Native Method) ~[?:1.8.0_121]
	at sun.reflect.NativeMethodAccessorImpl.invoke(NativeMethodAccessorImpl.java:62) ~[?:1.8.0_121]
	at sun.reflect.DelegatingMethodAccessorImpl.invoke(DelegatingMethodAccessorImpl.java:43) ~[?:1.8.0_121]
	at java.lang.reflect.Method.invoke(Method.java:498) ~[?:1.8.0_121]
	at org.junit.runners.model.FrameworkMethod$1.runReflectiveCall(FrameworkMethod.java:50) ~[junit-4.12.jar:4.12]
	at org.junit.internal.runners.model.ReflectiveCallable.run(ReflectiveCallable.java:12) ~[junit-4.12.jar:4.12]
	at org.junit.runners.model.FrameworkMethod.invokeExplosively(FrameworkMethod.java:47) ~[junit-4.12.jar:4.12]
	at org.junit.internal.runners.statements.InvokeMethod.evaluate(InvokeMethod.java:17) ~[junit-4.12.jar:4.12]
	at org.junit.runners.ParentRunner.runLeaf(ParentRunner.java:325) ~[junit-4.12.jar:4.12]
	at org.junit.runners.BlockJUnit4ClassRunner.runChild(BlockJUnit4ClassRunner.java:78) ~[junit-4.12.jar:4.12]
	at org.junit.runners.BlockJUnit4ClassRunner.runChild(BlockJUnit4ClassRunner.java:57) ~[junit-4.12.jar:4.12]
	at org.junit.runners.ParentRunner$3.run(ParentRunner.java:290) ~[junit-4.12.jar:4.12]
	at org.junit.runners.ParentRunner$1.schedule(ParentRunner.java:71) ~[junit-4.12.jar:4.12]
	at org.junit.runners.ParentRunner.runChildren(ParentRunner.java:288) ~[junit-4.12.jar:4.12]
	at org.junit.runners.ParentRunner.access$000(ParentRunner.java:58) ~[junit-4.12.jar:4.12]
	at org.junit.runners.ParentRunner$2.evaluate(ParentRunner.java:268) ~[junit-4.12.jar:4.12]
	at org.junit.runners.ParentRunner.run(ParentRunner.java:363) ~[junit-4.12.jar:4.12]
	at org.junit.runner.JUnitCore.run(JUnitCore.java:137) ~[junit-4.12.jar:4.12]
	at com.intellij.junit4.JUnit4IdeaTestRunner.startRunnerWithArgs(JUnit4IdeaTestRunner.java:68) ~[junit-rt.jar:?]
	at com.intellij.rt.execution.junit.IdeaTestRunner$Repeater.startRunnerWithArgs(IdeaTestRunner.java:47) ~[junit-rt.jar:?]
	at com.intellij.rt.execution.junit.JUnitStarter.prepareStreamsAndStart(JUnitStarter.java:242) ~[junit-rt.jar:?]
	at com.intellij.rt.execution.junit.JUnitStarter.main(JUnitStarter.java:70) ~[junit-rt.jar:?]
[WARN ] 2019-07-13T18:20:53,200Z [main] contracts.TransactionState.<init> - State class bootcamp.TokenState is not annotated with @BelongsToContract, and does not have an enclosing class which implements Contract. Annotate TokenState with @BelongsToContract(bootcamp.TokenContract.class) to remove this warning. {}
[WARN ] 2019-07-13T18:20:53,204Z [main] contracts.TransactionState.<init> - State class bootcamp.TokenState is not annotated with @BelongsToContract, and does not have an enclosing class which implements Contract. Annotate TokenState with @BelongsToContract(bootcamp.TokenContract.class) to remove this warning. {}
[WARN ] 2019-07-13T18:20:53,210Z [main] contracts.TransactionState.<init> - State class bootcamp.TokenState is not annotated with @BelongsToContract, and does not have an enclosing class which implements Contract. Annotate TokenState with @BelongsToContract(bootcamp.TokenContract.class) to remove this warning. {}
[ERROR] 2019-07-13T18:20:53,210Z [main] internal.Verifier.verifyContracts - Error validating transaction 0186FC26076E0C7ED0CDA549909CC8611159CCDB9CA43F0A902FF84DA399A5E8. [errorCode=gtgacr, moreInformationAt=https://errors.corda.net/OS/4.0/gtgacr] {}
java.lang.IllegalArgumentException: Must have no inputs
	at bootcamp.TokenContract.verify(TokenContract.java:30) ~[main/:?]
	at net.corda.core.internal.Verifier.verifyContracts(TransactionVerifierServiceInternal.kt:377) ~[corda-core-4.0.jar:?]
	at net.corda.core.internal.Verifier.verify(TransactionVerifierServiceInternal.kt:71) ~[corda-core-4.0.jar:?]
	at net.corda.core.transactions.LedgerTransaction.verify(LedgerTransaction.kt:125) ~[corda-core-4.0.jar:?]
	at net.corda.testing.dsl.TestTransactionDSLInterpreter.verifies(TestDSL.kt:139) ~[corda-test-utils-4.0.jar:?]
	at net.corda.testing.dsl.Verifies$DefaultImpls.failsWith(LedgerDSLInterpreter.kt:45) ~[corda-test-utils-4.0.jar:?]
	at net.corda.testing.dsl.TransactionDSLInterpreter$DefaultImpls.failsWith(TransactionDSLInterpreter.kt) ~[corda-test-utils-4.0.jar:?]
	at net.corda.testing.dsl.TestTransactionDSLInterpreter.failsWith(TestDSL.kt:69) ~[corda-test-utils-4.0.jar:?]
	at net.corda.testing.dsl.Verifies$DefaultImpls.fails(LedgerDSLInterpreter.kt:75) ~[corda-test-utils-4.0.jar:?]
	at net.corda.testing.dsl.TransactionDSLInterpreter$DefaultImpls.fails(TransactionDSLInterpreter.kt) ~[corda-test-utils-4.0.jar:?]
	at net.corda.testing.dsl.TestTransactionDSLInterpreter.fails(TestDSL.kt:69) ~[corda-test-utils-4.0.jar:?]
	at net.corda.testing.dsl.TransactionDSL.fails(TransactionDSLInterpreter.kt) ~[corda-test-utils-4.0.jar:?]
	at bootcamp.ContractTests.lambda$tokenContractRequiresZeroInputsInTheTransaction$0(ContractTests.java:33) ~[test/:?]
	at net.corda.testing.node.NodeTestUtils$transaction$1.invoke(NodeTestUtils.kt:54) ~[corda-node-driver-4.0.jar:?]
	at net.corda.testing.node.NodeTestUtils$transaction$1.invoke(NodeTestUtils.kt) ~[corda-node-driver-4.0.jar:?]
	at net.corda.testing.node.NodeTestUtils$ledger$2.invoke(NodeTestUtils.kt:39) ~[corda-node-driver-4.0.jar:?]
	at net.corda.testing.node.NodeTestUtils$ledger$2.invoke(NodeTestUtils.kt) ~[corda-node-driver-4.0.jar:?]
	at net.corda.testing.internal.InternalTestUtilsKt$withTestSerializationEnvIfNotSet$1.invoke(InternalTestUtils.kt:214) ~[corda-test-utils-4.0.jar:?]
	at net.corda.testing.internal.InternalTestUtilsKt$withTestSerializationEnvIfNotSet$1.invoke(InternalTestUtils.kt) ~[corda-test-utils-4.0.jar:?]
	at net.corda.testing.common.internal.CommonSerializationTestHelpersKt.asContextEnv(CommonSerializationTestHelpers.kt:11) ~[corda-test-common-4.0.jar:?]
	at net.corda.testing.internal.InternalSerializationTestHelpersKt.asTestContextEnv(InternalSerializationTestHelpers.kt:33) ~[corda-test-utils-4.0.jar:?]
	at net.corda.testing.internal.InternalSerializationTestHelpersKt.asTestContextEnv$default(InternalSerializationTestHelpers.kt:31) ~[corda-test-utils-4.0.jar:?]
	at net.corda.testing.internal.InternalTestUtilsKt.withTestSerializationEnvIfNotSet(InternalTestUtils.kt:214) ~[corda-test-utils-4.0.jar:?]
	at net.corda.testing.node.NodeTestUtils.ledger(NodeTestUtils.kt:36) ~[corda-node-driver-4.0.jar:?]
	at net.corda.testing.node.NodeTestUtils.transaction(NodeTestUtils.kt:53) ~[corda-node-driver-4.0.jar:?]
	at net.corda.testing.node.NodeTestUtils.transaction$default(NodeTestUtils.kt:51) ~[corda-node-driver-4.0.jar:?]
	at net.corda.testing.node.NodeTestUtils.transaction(NodeTestUtils.kt) ~[corda-node-driver-4.0.jar:?]
	at bootcamp.ContractTests.tokenContractRequiresZeroInputsInTheTransaction(ContractTests.java:28) ~[test/:?]
	at sun.reflect.NativeMethodAccessorImpl.invoke0(Native Method) ~[?:1.8.0_121]
	at sun.reflect.NativeMethodAccessorImpl.invoke(NativeMethodAccessorImpl.java:62) ~[?:1.8.0_121]
	at sun.reflect.DelegatingMethodAccessorImpl.invoke(DelegatingMethodAccessorImpl.java:43) ~[?:1.8.0_121]
	at java.lang.reflect.Method.invoke(Method.java:498) ~[?:1.8.0_121]
	at org.junit.runners.model.FrameworkMethod$1.runReflectiveCall(FrameworkMethod.java:50) ~[junit-4.12.jar:4.12]
	at org.junit.internal.runners.model.ReflectiveCallable.run(ReflectiveCallable.java:12) ~[junit-4.12.jar:4.12]
	at org.junit.runners.model.FrameworkMethod.invokeExplosively(FrameworkMethod.java:47) ~[junit-4.12.jar:4.12]
	at org.junit.internal.runners.statements.InvokeMethod.evaluate(InvokeMethod.java:17) ~[junit-4.12.jar:4.12]
	at org.junit.runners.ParentRunner.runLeaf(ParentRunner.java:325) ~[junit-4.12.jar:4.12]
	at org.junit.runners.BlockJUnit4ClassRunner.runChild(BlockJUnit4ClassRunner.java:78) ~[junit-4.12.jar:4.12]
	at org.junit.runners.BlockJUnit4ClassRunner.runChild(BlockJUnit4ClassRunner.java:57) ~[junit-4.12.jar:4.12]
	at org.junit.runners.ParentRunner$3.run(ParentRunner.java:290) ~[junit-4.12.jar:4.12]
	at org.junit.runners.ParentRunner$1.schedule(ParentRunner.java:71) ~[junit-4.12.jar:4.12]
	at org.junit.runners.ParentRunner.runChildren(ParentRunner.java:288) ~[junit-4.12.jar:4.12]
	at org.junit.runners.ParentRunner.access$000(ParentRunner.java:58) ~[junit-4.12.jar:4.12]
	at org.junit.runners.ParentRunner$2.evaluate(ParentRunner.java:268) ~[junit-4.12.jar:4.12]
	at org.junit.runners.ParentRunner.run(ParentRunner.java:363) ~[junit-4.12.jar:4.12]
	at org.junit.runner.JUnitCore.run(JUnitCore.java:137) ~[junit-4.12.jar:4.12]
	at com.intellij.junit4.JUnit4IdeaTestRunner.startRunnerWithArgs(JUnit4IdeaTestRunner.java:68) ~[junit-rt.jar:?]
	at com.intellij.rt.execution.junit.IdeaTestRunner$Repeater.startRunnerWithArgs(IdeaTestRunner.java:47) ~[junit-rt.jar:?]
	at com.intellij.rt.execution.junit.JUnitStarter.prepareStreamsAndStart(JUnitStarter.java:242) ~[junit-rt.jar:?]
	at com.intellij.rt.execution.junit.JUnitStarter.main(JUnitStarter.java:70) ~[junit-rt.jar:?]
[WARN ] 2019-07-13T18:20:53,277Z [main] contracts.TransactionState.<init> - State class bootcamp.TokenState is not annotated with @BelongsToContract, and does not have an enclosing class which implements Contract. Annotate TokenState with @BelongsToContract(bootcamp.TokenContract.class) to remove this warning. {}
[WARN ] 2019-07-13T18:20:53,325Z [main] contracts.TransactionState.<init> - State class bootcamp.TokenState is not annotated with @BelongsToContract, and does not have an enclosing class which implements Contract. Annotate TokenState with @BelongsToContract(bootcamp.TokenContract.class) to remove this warning. {}
[WARN ] 2019-07-13T18:20:56,676Z [main] contracts.TransactionState.<init> - State class bootcamp.TokenState is not annotated with @BelongsToContract, and does not have an enclosing class which implements Contract. Annotate TokenState with @BelongsToContract(bootcamp.TokenContract.class) to remove this warning. {}
[WARN ] 2019-07-13T18:20:56,693Z [main] contracts.TransactionState.<init> - State class bootcamp.TokenState is not annotated with @BelongsToContract, and does not have an enclosing class which implements Contract. Annotate TokenState with @BelongsToContract(bootcamp.TokenContract.class) to remove this warning. {}
[INFO ] 2019-07-13T18:21:38,710Z [main] cordapp.JarScanningCordappLoader.<init> - Loading CorDapps from RestrictedURL(url=file:/Users/Matt/Documents/bootcamp-cordapp/build/generated-custom-cordapps/20190713-182137.848/custom-cordapp_1_4_bda3ac6d-73bd-49a6-a4e1-bd72d5e3da6c.jar, rootPackageName=null) {}
[INFO ] 2019-07-13T18:21:38,774Z [main] cordapp.JarScanningCordappLoader.scanCordapp - Scanning CorDapp in file:/Users/Matt/Documents/bootcamp-cordapp/build/generated-custom-cordapps/20190713-182137.848/custom-cordapp_1_4_bda3ac6d-73bd-49a6-a4e1-bd72d5e3da6c.jar {}
[INFO ] 2019-07-13T18:21:38,870Z [main] cordapp.JarScanningCordappLoader.findNotaryService - Found notary service CorDapp implementations:  {}
[WARN ] 2019-07-13T18:21:40,686Z [main] contracts.TransactionState.<init> - State class bootcamp.TokenState is not annotated with @BelongsToContract, and does not have an enclosing class which implements Contract. Annotate TokenState with @BelongsToContract(bootcamp.TokenContract.class) to remove this warning. {}
[WARN ] 2019-07-13T18:21:40,696Z [main] contracts.TransactionState.<init> - State class bootcamp.TokenState is not annotated with @BelongsToContract, and does not have an enclosing class which implements Contract. Annotate TokenState with @BelongsToContract(bootcamp.TokenContract.class) to remove this warning. {}
[WARN ] 2019-07-13T18:21:40,762Z [main] contracts.TransactionState.<init> - State class bootcamp.TokenState is not annotated with @BelongsToContract, and does not have an enclosing class which implements Contract. Annotate TokenState with @BelongsToContract(bootcamp.TokenContract.class) to remove this warning. {}
[WARN ] 2019-07-13T18:21:40,763Z [main] contracts.TransactionState.<init> - State class bootcamp.TokenState is not annotated with @BelongsToContract, and does not have an enclosing class which implements Contract. Annotate TokenState with @BelongsToContract(bootcamp.TokenContract.class) to remove this warning. {}
[WARN ] 2019-07-13T18:21:42,861Z [main] contracts.TransactionState.<init> - State class bootcamp.TokenState is not annotated with @BelongsToContract, and does not have an enclosing class which implements Contract. Annotate TokenState with @BelongsToContract(bootcamp.TokenContract.class) to remove this warning. {}
[WARN ] 2019-07-13T18:21:42,866Z [main] contracts.TransactionState.<init> - State class bootcamp.TokenState is not annotated with @BelongsToContract, and does not have an enclosing class which implements Contract. Annotate TokenState with @BelongsToContract(bootcamp.TokenContract.class) to remove this warning. {}
[ERROR] 2019-07-13T18:21:42,918Z [main] internal.Verifier.verifyContracts - Error validating transaction ACC3427706C5D68E1C7486DA19B1AD931B14E6FCCBDEBA05A85056571DB7AE5E. [errorCode=gtgacr, moreInformationAt=https://errors.corda.net/OS/4.0/gtgacr] {}
java.lang.IllegalArgumentException: Must have 1 output
	at bootcamp.TokenContract.verify(TokenContract.java:34) ~[main/:?]
	at net.corda.core.internal.Verifier.verifyContracts(TransactionVerifierServiceInternal.kt:377) ~[corda-core-4.0.jar:?]
	at net.corda.core.internal.Verifier.verify(TransactionVerifierServiceInternal.kt:71) ~[corda-core-4.0.jar:?]
	at net.corda.core.transactions.LedgerTransaction.verify(LedgerTransaction.kt:125) ~[corda-core-4.0.jar:?]
	at net.corda.core.transactions.TransactionBuilder.addMissingDependency(TransactionBuilder.kt:173) ~[corda-core-4.0.jar:?]
	at net.corda.core.transactions.TransactionBuilder.toWireTransactionWithContext$core(TransactionBuilder.kt:160) ~[corda-core-4.0.jar:?]
	at net.corda.core.transactions.TransactionBuilder.toWireTransactionWithContext$core$default(TransactionBuilder.kt:128) ~[corda-core-4.0.jar:?]
	at net.corda.core.transactions.TransactionBuilder.toWireTransaction(TransactionBuilder.kt:125) ~[corda-core-4.0.jar:?]
	at net.corda.testing.dsl.TestTransactionDSLInterpreter.toWireTransaction$test_utils(TestDSL.kt:95) ~[corda-test-utils-4.0.jar:?]
	at net.corda.testing.dsl.TestTransactionDSLInterpreter.verifies(TestDSL.kt:139) ~[corda-test-utils-4.0.jar:?]
	at net.corda.testing.dsl.Verifies$DefaultImpls.failsWith(LedgerDSLInterpreter.kt:45) ~[corda-test-utils-4.0.jar:?]
	at net.corda.testing.dsl.TransactionDSLInterpreter$DefaultImpls.failsWith(TransactionDSLInterpreter.kt) ~[corda-test-utils-4.0.jar:?]
	at net.corda.testing.dsl.TestTransactionDSLInterpreter.failsWith(TestDSL.kt:69) ~[corda-test-utils-4.0.jar:?]
	at net.corda.testing.dsl.Verifies$DefaultImpls.fails(LedgerDSLInterpreter.kt:75) ~[corda-test-utils-4.0.jar:?]
	at net.corda.testing.dsl.TransactionDSLInterpreter$DefaultImpls.fails(TransactionDSLInterpreter.kt) ~[corda-test-utils-4.0.jar:?]
	at net.corda.testing.dsl.TestTransactionDSLInterpreter.fails(TestDSL.kt:69) ~[corda-test-utils-4.0.jar:?]
	at net.corda.testing.dsl.TransactionDSL.fails(TransactionDSLInterpreter.kt) ~[corda-test-utils-4.0.jar:?]
	at bootcamp.ContractTests.lambda$tokenContractRequiresOneOutputInTheTransaction$2(ContractTests.java:53) ~[test/:?]
	at net.corda.testing.node.NodeTestUtils$transaction$1.invoke(NodeTestUtils.kt:54) ~[corda-node-driver-4.0.jar:?]
	at net.corda.testing.node.NodeTestUtils$transaction$1.invoke(NodeTestUtils.kt) ~[corda-node-driver-4.0.jar:?]
	at net.corda.testing.node.NodeTestUtils$ledger$2.invoke(NodeTestUtils.kt:39) ~[corda-node-driver-4.0.jar:?]
	at net.corda.testing.node.NodeTestUtils$ledger$2.invoke(NodeTestUtils.kt) ~[corda-node-driver-4.0.jar:?]
	at net.corda.testing.internal.InternalTestUtilsKt$withTestSerializationEnvIfNotSet$1.invoke(InternalTestUtils.kt:214) ~[corda-test-utils-4.0.jar:?]
	at net.corda.testing.internal.InternalTestUtilsKt$withTestSerializationEnvIfNotSet$1.invoke(InternalTestUtils.kt) ~[corda-test-utils-4.0.jar:?]
	at net.corda.testing.common.internal.CommonSerializationTestHelpersKt.asContextEnv(CommonSerializationTestHelpers.kt:11) ~[corda-test-common-4.0.jar:?]
	at net.corda.testing.internal.InternalSerializationTestHelpersKt.asTestContextEnv(InternalSerializationTestHelpers.kt:33) ~[corda-test-utils-4.0.jar:?]
	at net.corda.testing.internal.InternalSerializationTestHelpersKt.asTestContextEnv$default(InternalSerializationTestHelpers.kt:31) ~[corda-test-utils-4.0.jar:?]
	at net.corda.testing.internal.InternalTestUtilsKt.withTestSerializationEnvIfNotSet(InternalTestUtils.kt:214) ~[corda-test-utils-4.0.jar:?]
	at net.corda.testing.node.NodeTestUtils.ledger(NodeTestUtils.kt:36) ~[corda-node-driver-4.0.jar:?]
	at net.corda.testing.node.NodeTestUtils.transaction(NodeTestUtils.kt:53) ~[corda-node-driver-4.0.jar:?]
	at net.corda.testing.node.NodeTestUtils.transaction$default(NodeTestUtils.kt:51) ~[corda-node-driver-4.0.jar:?]
	at net.corda.testing.node.NodeTestUtils.transaction(NodeTestUtils.kt) ~[corda-node-driver-4.0.jar:?]
	at bootcamp.ContractTests.tokenContractRequiresOneOutputInTheTransaction(ContractTests.java:48) ~[test/:?]
	at sun.reflect.NativeMethodAccessorImpl.invoke0(Native Method) ~[?:1.8.0_121]
	at sun.reflect.NativeMethodAccessorImpl.invoke(NativeMethodAccessorImpl.java:62) ~[?:1.8.0_121]
	at sun.reflect.DelegatingMethodAccessorImpl.invoke(DelegatingMethodAccessorImpl.java:43) ~[?:1.8.0_121]
	at java.lang.reflect.Method.invoke(Method.java:498) ~[?:1.8.0_121]
	at org.junit.runners.model.FrameworkMethod$1.runReflectiveCall(FrameworkMethod.java:50) ~[junit-4.12.jar:4.12]
	at org.junit.internal.runners.model.ReflectiveCallable.run(ReflectiveCallable.java:12) ~[junit-4.12.jar:4.12]
	at org.junit.runners.model.FrameworkMethod.invokeExplosively(FrameworkMethod.java:47) ~[junit-4.12.jar:4.12]
	at org.junit.internal.runners.statements.InvokeMethod.evaluate(InvokeMethod.java:17) ~[junit-4.12.jar:4.12]
	at org.junit.runners.ParentRunner.runLeaf(ParentRunner.java:325) ~[junit-4.12.jar:4.12]
	at org.junit.runners.BlockJUnit4ClassRunner.runChild(BlockJUnit4ClassRunner.java:78) ~[junit-4.12.jar:4.12]
	at org.junit.runners.BlockJUnit4ClassRunner.runChild(BlockJUnit4ClassRunner.java:57) ~[junit-4.12.jar:4.12]
	at org.junit.runners.ParentRunner$3.run(ParentRunner.java:290) ~[junit-4.12.jar:4.12]
	at org.junit.runners.ParentRunner$1.schedule(ParentRunner.java:71) ~[junit-4.12.jar:4.12]
	at org.junit.runners.ParentRunner.runChildren(ParentRunner.java:288) ~[junit-4.12.jar:4.12]
	at org.junit.runners.ParentRunner.access$000(ParentRunner.java:58) ~[junit-4.12.jar:4.12]
	at org.junit.runners.ParentRunner$2.evaluate(ParentRunner.java:268) ~[junit-4.12.jar:4.12]
	at org.junit.runners.ParentRunner.run(ParentRunner.java:363) ~[junit-4.12.jar:4.12]
	at org.junit.runner.JUnitCore.run(JUnitCore.java:137) ~[junit-4.12.jar:4.12]
	at com.intellij.junit4.JUnit4IdeaTestRunner.startRunnerWithArgs(JUnit4IdeaTestRunner.java:68) ~[junit-rt.jar:?]
	at com.intellij.rt.execution.junit.IdeaTestRunner$Repeater.startRunnerWithArgs(IdeaTestRunner.java:47) ~[junit-rt.jar:?]
	at com.intellij.rt.execution.junit.JUnitStarter.prepareStreamsAndStart(JUnitStarter.java:242) ~[junit-rt.jar:?]
	at com.intellij.rt.execution.junit.JUnitStarter.main(JUnitStarter.java:70) ~[junit-rt.jar:?]
[WARN ] 2019-07-13T18:21:42,933Z [main] contracts.TransactionState.<init> - State class bootcamp.TokenState is not annotated with @BelongsToContract, and does not have an enclosing class which implements Contract. Annotate TokenState with @BelongsToContract(bootcamp.TokenContract.class) to remove this warning. {}
[WARN ] 2019-07-13T18:21:42,945Z [main] contracts.TransactionState.<init> - State class bootcamp.TokenState is not annotated with @BelongsToContract, and does not have an enclosing class which implements Contract. Annotate TokenState with @BelongsToContract(bootcamp.TokenContract.class) to remove this warning. {}
[ERROR] 2019-07-13T18:21:42,945Z [main] internal.Verifier.verifyContracts - Error validating transaction ACC3427706C5D68E1C7486DA19B1AD931B14E6FCCBDEBA05A85056571DB7AE5E. [errorCode=gtgacr, moreInformationAt=https://errors.corda.net/OS/4.0/gtgacr] {}
java.lang.IllegalArgumentException: Must have 1 output
	at bootcamp.TokenContract.verify(TokenContract.java:34) ~[main/:?]
	at net.corda.core.internal.Verifier.verifyContracts(TransactionVerifierServiceInternal.kt:377) ~[corda-core-4.0.jar:?]
	at net.corda.core.internal.Verifier.verify(TransactionVerifierServiceInternal.kt:71) ~[corda-core-4.0.jar:?]
	at net.corda.core.transactions.LedgerTransaction.verify(LedgerTransaction.kt:125) ~[corda-core-4.0.jar:?]
	at net.corda.testing.dsl.TestTransactionDSLInterpreter.verifies(TestDSL.kt:139) ~[corda-test-utils-4.0.jar:?]
	at net.corda.testing.dsl.Verifies$DefaultImpls.failsWith(LedgerDSLInterpreter.kt:45) ~[corda-test-utils-4.0.jar:?]
	at net.corda.testing.dsl.TransactionDSLInterpreter$DefaultImpls.failsWith(TransactionDSLInterpreter.kt) ~[corda-test-utils-4.0.jar:?]
	at net.corda.testing.dsl.TestTransactionDSLInterpreter.failsWith(TestDSL.kt:69) ~[corda-test-utils-4.0.jar:?]
	at net.corda.testing.dsl.Verifies$DefaultImpls.fails(LedgerDSLInterpreter.kt:75) ~[corda-test-utils-4.0.jar:?]
	at net.corda.testing.dsl.TransactionDSLInterpreter$DefaultImpls.fails(TransactionDSLInterpreter.kt) ~[corda-test-utils-4.0.jar:?]
	at net.corda.testing.dsl.TestTransactionDSLInterpreter.fails(TestDSL.kt:69) ~[corda-test-utils-4.0.jar:?]
	at net.corda.testing.dsl.TransactionDSL.fails(TransactionDSLInterpreter.kt) ~[corda-test-utils-4.0.jar:?]
	at bootcamp.ContractTests.lambda$tokenContractRequiresOneOutputInTheTransaction$2(ContractTests.java:53) ~[test/:?]
	at net.corda.testing.node.NodeTestUtils$transaction$1.invoke(NodeTestUtils.kt:54) ~[corda-node-driver-4.0.jar:?]
	at net.corda.testing.node.NodeTestUtils$transaction$1.invoke(NodeTestUtils.kt) ~[corda-node-driver-4.0.jar:?]
	at net.corda.testing.node.NodeTestUtils$ledger$2.invoke(NodeTestUtils.kt:39) ~[corda-node-driver-4.0.jar:?]
	at net.corda.testing.node.NodeTestUtils$ledger$2.invoke(NodeTestUtils.kt) ~[corda-node-driver-4.0.jar:?]
	at net.corda.testing.internal.InternalTestUtilsKt$withTestSerializationEnvIfNotSet$1.invoke(InternalTestUtils.kt:214) ~[corda-test-utils-4.0.jar:?]
	at net.corda.testing.internal.InternalTestUtilsKt$withTestSerializationEnvIfNotSet$1.invoke(InternalTestUtils.kt) ~[corda-test-utils-4.0.jar:?]
	at net.corda.testing.common.internal.CommonSerializationTestHelpersKt.asContextEnv(CommonSerializationTestHelpers.kt:11) ~[corda-test-common-4.0.jar:?]
	at net.corda.testing.internal.InternalSerializationTestHelpersKt.asTestContextEnv(InternalSerializationTestHelpers.kt:33) ~[corda-test-utils-4.0.jar:?]
	at net.corda.testing.internal.InternalSerializationTestHelpersKt.asTestContextEnv$default(InternalSerializationTestHelpers.kt:31) ~[corda-test-utils-4.0.jar:?]
	at net.corda.testing.internal.InternalTestUtilsKt.withTestSerializationEnvIfNotSet(InternalTestUtils.kt:214) ~[corda-test-utils-4.0.jar:?]
	at net.corda.testing.node.NodeTestUtils.ledger(NodeTestUtils.kt:36) ~[corda-node-driver-4.0.jar:?]
	at net.corda.testing.node.NodeTestUtils.transaction(NodeTestUtils.kt:53) ~[corda-node-driver-4.0.jar:?]
	at net.corda.testing.node.NodeTestUtils.transaction$default(NodeTestUtils.kt:51) ~[corda-node-driver-4.0.jar:?]
	at net.corda.testing.node.NodeTestUtils.transaction(NodeTestUtils.kt) ~[corda-node-driver-4.0.jar:?]
	at bootcamp.ContractTests.tokenContractRequiresOneOutputInTheTransaction(ContractTests.java:48) ~[test/:?]
	at sun.reflect.NativeMethodAccessorImpl.invoke0(Native Method) ~[?:1.8.0_121]
	at sun.reflect.NativeMethodAccessorImpl.invoke(NativeMethodAccessorImpl.java:62) ~[?:1.8.0_121]
	at sun.reflect.DelegatingMethodAccessorImpl.invoke(DelegatingMethodAccessorImpl.java:43) ~[?:1.8.0_121]
	at java.lang.reflect.Method.invoke(Method.java:498) ~[?:1.8.0_121]
	at org.junit.runners.model.FrameworkMethod$1.runReflectiveCall(FrameworkMethod.java:50) ~[junit-4.12.jar:4.12]
	at org.junit.internal.runners.model.ReflectiveCallable.run(ReflectiveCallable.java:12) ~[junit-4.12.jar:4.12]
	at org.junit.runners.model.FrameworkMethod.invokeExplosively(FrameworkMethod.java:47) ~[junit-4.12.jar:4.12]
	at org.junit.internal.runners.statements.InvokeMethod.evaluate(InvokeMethod.java:17) ~[junit-4.12.jar:4.12]
	at org.junit.runners.ParentRunner.runLeaf(ParentRunner.java:325) ~[junit-4.12.jar:4.12]
	at org.junit.runners.BlockJUnit4ClassRunner.runChild(BlockJUnit4ClassRunner.java:78) ~[junit-4.12.jar:4.12]
	at org.junit.runners.BlockJUnit4ClassRunner.runChild(BlockJUnit4ClassRunner.java:57) ~[junit-4.12.jar:4.12]
	at org.junit.runners.ParentRunner$3.run(ParentRunner.java:290) ~[junit-4.12.jar:4.12]
	at org.junit.runners.ParentRunner$1.schedule(ParentRunner.java:71) ~[junit-4.12.jar:4.12]
	at org.junit.runners.ParentRunner.runChildren(ParentRunner.java:288) ~[junit-4.12.jar:4.12]
	at org.junit.runners.ParentRunner.access$000(ParentRunner.java:58) ~[junit-4.12.jar:4.12]
	at org.junit.runners.ParentRunner$2.evaluate(ParentRunner.java:268) ~[junit-4.12.jar:4.12]
	at org.junit.runners.ParentRunner.run(ParentRunner.java:363) ~[junit-4.12.jar:4.12]
	at org.junit.runner.JUnitCore.run(JUnitCore.java:137) ~[junit-4.12.jar:4.12]
	at com.intellij.junit4.JUnit4IdeaTestRunner.startRunnerWithArgs(JUnit4IdeaTestRunner.java:68) ~[junit-rt.jar:?]
	at com.intellij.rt.execution.junit.IdeaTestRunner$Repeater.startRunnerWithArgs(IdeaTestRunner.java:47) ~[junit-rt.jar:?]
	at com.intellij.rt.execution.junit.JUnitStarter.prepareStreamsAndStart(JUnitStarter.java:242) ~[junit-rt.jar:?]
	at com.intellij.rt.execution.junit.JUnitStarter.main(JUnitStarter.java:70) ~[junit-rt.jar:?]
[WARN ] 2019-07-13T18:21:42,996Z [main] contracts.TransactionState.<init> - State class bootcamp.TokenState is not annotated with @BelongsToContract, and does not have an enclosing class which implements Contract. Annotate TokenState with @BelongsToContract(bootcamp.TokenContract.class) to remove this warning. {}
[WARN ] 2019-07-13T18:21:43,029Z [main] contracts.TransactionState.<init> - State class bootcamp.TokenState is not annotated with @BelongsToContract, and does not have an enclosing class which implements Contract. Annotate TokenState with @BelongsToContract(bootcamp.TokenContract.class) to remove this warning. {}
[WARN ] 2019-07-13T18:21:45,366Z [main] contracts.TransactionState.<init> - State class bootcamp.TokenState is not annotated with @BelongsToContract, and does not have an enclosing class which implements Contract. Annotate TokenState with @BelongsToContract(bootcamp.TokenContract.class) to remove this warning. {}
[WARN ] 2019-07-13T18:21:45,373Z [main] contracts.TransactionState.<init> - State class bootcamp.TokenState is not annotated with @BelongsToContract, and does not have an enclosing class which implements Contract. Annotate TokenState with @BelongsToContract(bootcamp.TokenContract.class) to remove this warning. {}
[INFO ] 2019-07-13T18:22:43,099Z [main] cordapp.JarScanningCordappLoader.<init> - Loading CorDapps from RestrictedURL(url=file:/Users/Matt/Documents/bootcamp-cordapp/build/generated-custom-cordapps/20190713-182242.055/custom-cordapp_1_4_b675ec00-ed3d-4c68-8ccc-77f939f5e9d0.jar, rootPackageName=null) {}
[INFO ] 2019-07-13T18:22:43,154Z [main] cordapp.JarScanningCordappLoader.scanCordapp - Scanning CorDapp in file:/Users/Matt/Documents/bootcamp-cordapp/build/generated-custom-cordapps/20190713-182242.055/custom-cordapp_1_4_b675ec00-ed3d-4c68-8ccc-77f939f5e9d0.jar {}
[INFO ] 2019-07-13T18:22:43,243Z [main] cordapp.JarScanningCordappLoader.findNotaryService - Found notary service CorDapp implementations:  {}
[WARN ] 2019-07-13T18:22:45,167Z [main] contracts.TransactionState.<init> - State class bootcamp.TokenState is not annotated with @BelongsToContract, and does not have an enclosing class which implements Contract. Annotate TokenState with @BelongsToContract(bootcamp.TokenContract.class) to remove this warning. {}
[WARN ] 2019-07-13T18:22:45,219Z [main] contracts.TransactionState.<init> - State class bootcamp.TokenState is not annotated with @BelongsToContract, and does not have an enclosing class which implements Contract. Annotate TokenState with @BelongsToContract(bootcamp.TokenContract.class) to remove this warning. {}
[WARN ] 2019-07-13T18:22:47,345Z [main] contracts.TransactionState.<init> - State class bootcamp.TokenState is not annotated with @BelongsToContract, and does not have an enclosing class which implements Contract. Annotate TokenState with @BelongsToContract(bootcamp.TokenContract.class) to remove this warning. {}
[ERROR] 2019-07-13T18:22:47,402Z [main] internal.Verifier.verifyContracts - Error validating transaction 36F6F951C0A7F43B5C51270ACF639D8EF6CAC8D1DABE446B4A45F537DE96448C. [errorCode=gtgacr, moreInformationAt=https://errors.corda.net/OS/4.0/gtgacr] {}
java.lang.IllegalArgumentException: Must have 1 command
	at bootcamp.TokenContract.verify(TokenContract.java:26) ~[main/:?]
	at net.corda.core.internal.Verifier.verifyContracts(TransactionVerifierServiceInternal.kt:377) ~[corda-core-4.0.jar:?]
	at net.corda.core.internal.Verifier.verify(TransactionVerifierServiceInternal.kt:71) ~[corda-core-4.0.jar:?]
	at net.corda.core.transactions.LedgerTransaction.verify(LedgerTransaction.kt:125) ~[corda-core-4.0.jar:?]
	at net.corda.core.transactions.TransactionBuilder.addMissingDependency(TransactionBuilder.kt:173) ~[corda-core-4.0.jar:?]
	at net.corda.core.transactions.TransactionBuilder.toWireTransactionWithContext$core(TransactionBuilder.kt:160) ~[corda-core-4.0.jar:?]
	at net.corda.core.transactions.TransactionBuilder.toWireTransactionWithContext$core$default(TransactionBuilder.kt:128) ~[corda-core-4.0.jar:?]
	at net.corda.core.transactions.TransactionBuilder.toWireTransaction(TransactionBuilder.kt:125) ~[corda-core-4.0.jar:?]
	at net.corda.testing.dsl.TestTransactionDSLInterpreter.toWireTransaction$test_utils(TestDSL.kt:95) ~[corda-test-utils-4.0.jar:?]
	at net.corda.testing.dsl.TestTransactionDSLInterpreter.verifies(TestDSL.kt:139) ~[corda-test-utils-4.0.jar:?]
	at net.corda.testing.dsl.Verifies$DefaultImpls.failsWith(LedgerDSLInterpreter.kt:45) ~[corda-test-utils-4.0.jar:?]
	at net.corda.testing.dsl.TransactionDSLInterpreter$DefaultImpls.failsWith(TransactionDSLInterpreter.kt) ~[corda-test-utils-4.0.jar:?]
	at net.corda.testing.dsl.TestTransactionDSLInterpreter.failsWith(TestDSL.kt:69) ~[corda-test-utils-4.0.jar:?]
	at net.corda.testing.dsl.Verifies$DefaultImpls.fails(LedgerDSLInterpreter.kt:75) ~[corda-test-utils-4.0.jar:?]
	at net.corda.testing.dsl.TransactionDSLInterpreter$DefaultImpls.fails(TransactionDSLInterpreter.kt) ~[corda-test-utils-4.0.jar:?]
	at net.corda.testing.dsl.TestTransactionDSLInterpreter.fails(TestDSL.kt:69) ~[corda-test-utils-4.0.jar:?]
	at net.corda.testing.dsl.TransactionDSL.fails(TransactionDSLInterpreter.kt) ~[corda-test-utils-4.0.jar:?]
	at bootcamp.ContractTests.lambda$tokenContractRequiresOneCommandInTheTransaction$4(ContractTests.java:73) ~[test/:?]
	at net.corda.testing.node.NodeTestUtils$transaction$1.invoke(NodeTestUtils.kt:54) ~[corda-node-driver-4.0.jar:?]
	at net.corda.testing.node.NodeTestUtils$transaction$1.invoke(NodeTestUtils.kt) ~[corda-node-driver-4.0.jar:?]
	at net.corda.testing.node.NodeTestUtils$ledger$2.invoke(NodeTestUtils.kt:39) ~[corda-node-driver-4.0.jar:?]
	at net.corda.testing.node.NodeTestUtils$ledger$2.invoke(NodeTestUtils.kt) ~[corda-node-driver-4.0.jar:?]
	at net.corda.testing.internal.InternalTestUtilsKt$withTestSerializationEnvIfNotSet$1.invoke(InternalTestUtils.kt:214) ~[corda-test-utils-4.0.jar:?]
	at net.corda.testing.internal.InternalTestUtilsKt$withTestSerializationEnvIfNotSet$1.invoke(InternalTestUtils.kt) ~[corda-test-utils-4.0.jar:?]
	at net.corda.testing.common.internal.CommonSerializationTestHelpersKt.asContextEnv(CommonSerializationTestHelpers.kt:11) ~[corda-test-common-4.0.jar:?]
	at net.corda.testing.internal.InternalSerializationTestHelpersKt.asTestContextEnv(InternalSerializationTestHelpers.kt:33) ~[corda-test-utils-4.0.jar:?]
	at net.corda.testing.internal.InternalSerializationTestHelpersKt.asTestContextEnv$default(InternalSerializationTestHelpers.kt:31) ~[corda-test-utils-4.0.jar:?]
	at net.corda.testing.internal.InternalTestUtilsKt.withTestSerializationEnvIfNotSet(InternalTestUtils.kt:214) ~[corda-test-utils-4.0.jar:?]
	at net.corda.testing.node.NodeTestUtils.ledger(NodeTestUtils.kt:36) ~[corda-node-driver-4.0.jar:?]
	at net.corda.testing.node.NodeTestUtils.transaction(NodeTestUtils.kt:53) ~[corda-node-driver-4.0.jar:?]
	at net.corda.testing.node.NodeTestUtils.transaction$default(NodeTestUtils.kt:51) ~[corda-node-driver-4.0.jar:?]
	at net.corda.testing.node.NodeTestUtils.transaction(NodeTestUtils.kt) ~[corda-node-driver-4.0.jar:?]
	at bootcamp.ContractTests.tokenContractRequiresOneCommandInTheTransaction(ContractTests.java:68) ~[test/:?]
	at sun.reflect.NativeMethodAccessorImpl.invoke0(Native Method) ~[?:1.8.0_121]
	at sun.reflect.NativeMethodAccessorImpl.invoke(NativeMethodAccessorImpl.java:62) ~[?:1.8.0_121]
	at sun.reflect.DelegatingMethodAccessorImpl.invoke(DelegatingMethodAccessorImpl.java:43) ~[?:1.8.0_121]
	at java.lang.reflect.Method.invoke(Method.java:498) ~[?:1.8.0_121]
	at org.junit.runners.model.FrameworkMethod$1.runReflectiveCall(FrameworkMethod.java:50) ~[junit-4.12.jar:4.12]
	at org.junit.internal.runners.model.ReflectiveCallable.run(ReflectiveCallable.java:12) ~[junit-4.12.jar:4.12]
	at org.junit.runners.model.FrameworkMethod.invokeExplosively(FrameworkMethod.java:47) ~[junit-4.12.jar:4.12]
	at org.junit.internal.runners.statements.InvokeMethod.evaluate(InvokeMethod.java:17) ~[junit-4.12.jar:4.12]
	at org.junit.runners.ParentRunner.runLeaf(ParentRunner.java:325) ~[junit-4.12.jar:4.12]
	at org.junit.runners.BlockJUnit4ClassRunner.runChild(BlockJUnit4ClassRunner.java:78) ~[junit-4.12.jar:4.12]
	at org.junit.runners.BlockJUnit4ClassRunner.runChild(BlockJUnit4ClassRunner.java:57) ~[junit-4.12.jar:4.12]
	at org.junit.runners.ParentRunner$3.run(ParentRunner.java:290) ~[junit-4.12.jar:4.12]
	at org.junit.runners.ParentRunner$1.schedule(ParentRunner.java:71) ~[junit-4.12.jar:4.12]
	at org.junit.runners.ParentRunner.runChildren(ParentRunner.java:288) ~[junit-4.12.jar:4.12]
	at org.junit.runners.ParentRunner.access$000(ParentRunner.java:58) ~[junit-4.12.jar:4.12]
	at org.junit.runners.ParentRunner$2.evaluate(ParentRunner.java:268) ~[junit-4.12.jar:4.12]
	at org.junit.runners.ParentRunner.run(ParentRunner.java:363) ~[junit-4.12.jar:4.12]
	at org.junit.runner.JUnitCore.run(JUnitCore.java:137) ~[junit-4.12.jar:4.12]
	at com.intellij.junit4.JUnit4IdeaTestRunner.startRunnerWithArgs(JUnit4IdeaTestRunner.java:68) ~[junit-rt.jar:?]
	at com.intellij.rt.execution.junit.IdeaTestRunner$Repeater.startRunnerWithArgs(IdeaTestRunner.java:47) ~[junit-rt.jar:?]
	at com.intellij.rt.execution.junit.JUnitStarter.prepareStreamsAndStart(JUnitStarter.java:242) ~[junit-rt.jar:?]
	at com.intellij.rt.execution.junit.JUnitStarter.main(JUnitStarter.java:70) ~[junit-rt.jar:?]
[WARN ] 2019-07-13T18:22:47,446Z [main] contracts.TransactionState.<init> - State class bootcamp.TokenState is not annotated with @BelongsToContract, and does not have an enclosing class which implements Contract. Annotate TokenState with @BelongsToContract(bootcamp.TokenContract.class) to remove this warning. {}
[ERROR] 2019-07-13T18:22:47,447Z [main] internal.Verifier.verifyContracts - Error validating transaction 36F6F951C0A7F43B5C51270ACF639D8EF6CAC8D1DABE446B4A45F537DE96448C. [errorCode=gtgacr, moreInformationAt=https://errors.corda.net/OS/4.0/gtgacr] {}
java.lang.IllegalArgumentException: Must have 1 command
	at bootcamp.TokenContract.verify(TokenContract.java:26) ~[main/:?]
	at net.corda.core.internal.Verifier.verifyContracts(TransactionVerifierServiceInternal.kt:377) ~[corda-core-4.0.jar:?]
	at net.corda.core.internal.Verifier.verify(TransactionVerifierServiceInternal.kt:71) ~[corda-core-4.0.jar:?]
	at net.corda.core.transactions.LedgerTransaction.verify(LedgerTransaction.kt:125) ~[corda-core-4.0.jar:?]
	at net.corda.testing.dsl.TestTransactionDSLInterpreter.verifies(TestDSL.kt:139) ~[corda-test-utils-4.0.jar:?]
	at net.corda.testing.dsl.Verifies$DefaultImpls.failsWith(LedgerDSLInterpreter.kt:45) ~[corda-test-utils-4.0.jar:?]
	at net.corda.testing.dsl.TransactionDSLInterpreter$DefaultImpls.failsWith(TransactionDSLInterpreter.kt) ~[corda-test-utils-4.0.jar:?]
	at net.corda.testing.dsl.TestTransactionDSLInterpreter.failsWith(TestDSL.kt:69) ~[corda-test-utils-4.0.jar:?]
	at net.corda.testing.dsl.Verifies$DefaultImpls.fails(LedgerDSLInterpreter.kt:75) ~[corda-test-utils-4.0.jar:?]
	at net.corda.testing.dsl.TransactionDSLInterpreter$DefaultImpls.fails(TransactionDSLInterpreter.kt) ~[corda-test-utils-4.0.jar:?]
	at net.corda.testing.dsl.TestTransactionDSLInterpreter.fails(TestDSL.kt:69) ~[corda-test-utils-4.0.jar:?]
	at net.corda.testing.dsl.TransactionDSL.fails(TransactionDSLInterpreter.kt) ~[corda-test-utils-4.0.jar:?]
	at bootcamp.ContractTests.lambda$tokenContractRequiresOneCommandInTheTransaction$4(ContractTests.java:73) ~[test/:?]
	at net.corda.testing.node.NodeTestUtils$transaction$1.invoke(NodeTestUtils.kt:54) ~[corda-node-driver-4.0.jar:?]
	at net.corda.testing.node.NodeTestUtils$transaction$1.invoke(NodeTestUtils.kt) ~[corda-node-driver-4.0.jar:?]
	at net.corda.testing.node.NodeTestUtils$ledger$2.invoke(NodeTestUtils.kt:39) ~[corda-node-driver-4.0.jar:?]
	at net.corda.testing.node.NodeTestUtils$ledger$2.invoke(NodeTestUtils.kt) ~[corda-node-driver-4.0.jar:?]
	at net.corda.testing.internal.InternalTestUtilsKt$withTestSerializationEnvIfNotSet$1.invoke(InternalTestUtils.kt:214) ~[corda-test-utils-4.0.jar:?]
	at net.corda.testing.internal.InternalTestUtilsKt$withTestSerializationEnvIfNotSet$1.invoke(InternalTestUtils.kt) ~[corda-test-utils-4.0.jar:?]
	at net.corda.testing.common.internal.CommonSerializationTestHelpersKt.asContextEnv(CommonSerializationTestHelpers.kt:11) ~[corda-test-common-4.0.jar:?]
	at net.corda.testing.internal.InternalSerializationTestHelpersKt.asTestContextEnv(InternalSerializationTestHelpers.kt:33) ~[corda-test-utils-4.0.jar:?]
	at net.corda.testing.internal.InternalSerializationTestHelpersKt.asTestContextEnv$default(InternalSerializationTestHelpers.kt:31) ~[corda-test-utils-4.0.jar:?]
	at net.corda.testing.internal.InternalTestUtilsKt.withTestSerializationEnvIfNotSet(InternalTestUtils.kt:214) ~[corda-test-utils-4.0.jar:?]
	at net.corda.testing.node.NodeTestUtils.ledger(NodeTestUtils.kt:36) ~[corda-node-driver-4.0.jar:?]
	at net.corda.testing.node.NodeTestUtils.transaction(NodeTestUtils.kt:53) ~[corda-node-driver-4.0.jar:?]
	at net.corda.testing.node.NodeTestUtils.transaction$default(NodeTestUtils.kt:51) ~[corda-node-driver-4.0.jar:?]
	at net.corda.testing.node.NodeTestUtils.transaction(NodeTestUtils.kt) ~[corda-node-driver-4.0.jar:?]
	at bootcamp.ContractTests.tokenContractRequiresOneCommandInTheTransaction(ContractTests.java:68) ~[test/:?]
	at sun.reflect.NativeMethodAccessorImpl.invoke0(Native Method) ~[?:1.8.0_121]
	at sun.reflect.NativeMethodAccessorImpl.invoke(NativeMethodAccessorImpl.java:62) ~[?:1.8.0_121]
	at sun.reflect.DelegatingMethodAccessorImpl.invoke(DelegatingMethodAccessorImpl.java:43) ~[?:1.8.0_121]
	at java.lang.reflect.Method.invoke(Method.java:498) ~[?:1.8.0_121]
	at org.junit.runners.model.FrameworkMethod$1.runReflectiveCall(FrameworkMethod.java:50) ~[junit-4.12.jar:4.12]
	at org.junit.internal.runners.model.ReflectiveCallable.run(ReflectiveCallable.java:12) ~[junit-4.12.jar:4.12]
	at org.junit.runners.model.FrameworkMethod.invokeExplosively(FrameworkMethod.java:47) ~[junit-4.12.jar:4.12]
	at org.junit.internal.runners.statements.InvokeMethod.evaluate(InvokeMethod.java:17) ~[junit-4.12.jar:4.12]
	at org.junit.runners.ParentRunner.runLeaf(ParentRunner.java:325) ~[junit-4.12.jar:4.12]
	at org.junit.runners.BlockJUnit4ClassRunner.runChild(BlockJUnit4ClassRunner.java:78) ~[junit-4.12.jar:4.12]
	at org.junit.runners.BlockJUnit4ClassRunner.runChild(BlockJUnit4ClassRunner.java:57) ~[junit-4.12.jar:4.12]
	at org.junit.runners.ParentRunner$3.run(ParentRunner.java:290) ~[junit-4.12.jar:4.12]
	at org.junit.runners.ParentRunner$1.schedule(ParentRunner.java:71) ~[junit-4.12.jar:4.12]
	at org.junit.runners.ParentRunner.runChildren(ParentRunner.java:288) ~[junit-4.12.jar:4.12]
	at org.junit.runners.ParentRunner.access$000(ParentRunner.java:58) ~[junit-4.12.jar:4.12]
	at org.junit.runners.ParentRunner$2.evaluate(ParentRunner.java:268) ~[junit-4.12.jar:4.12]
	at org.junit.runners.ParentRunner.run(ParentRunner.java:363) ~[junit-4.12.jar:4.12]
	at org.junit.runner.JUnitCore.run(JUnitCore.java:137) ~[junit-4.12.jar:4.12]
	at com.intellij.junit4.JUnit4IdeaTestRunner.startRunnerWithArgs(JUnit4IdeaTestRunner.java:68) ~[junit-rt.jar:?]
	at com.intellij.rt.execution.junit.IdeaTestRunner$Repeater.startRunnerWithArgs(IdeaTestRunner.java:47) ~[junit-rt.jar:?]
	at com.intellij.rt.execution.junit.JUnitStarter.prepareStreamsAndStart(JUnitStarter.java:242) ~[junit-rt.jar:?]
	at com.intellij.rt.execution.junit.JUnitStarter.main(JUnitStarter.java:70) ~[junit-rt.jar:?]
[WARN ] 2019-07-13T18:22:47,650Z [main] contracts.TransactionState.<init> - State class bootcamp.TokenState is not annotated with @BelongsToContract, and does not have an enclosing class which implements Contract. Annotate TokenState with @BelongsToContract(bootcamp.TokenContract.class) to remove this warning. {}
[WARN ] 2019-07-13T18:22:47,675Z [main] contracts.TransactionState.<init> - State class bootcamp.TokenState is not annotated with @BelongsToContract, and does not have an enclosing class which implements Contract. Annotate TokenState with @BelongsToContract(bootcamp.TokenContract.class) to remove this warning. {}
[WARN ] 2019-07-13T18:22:50,834Z [main] contracts.TransactionState.<init> - State class bootcamp.TokenState is not annotated with @BelongsToContract, and does not have an enclosing class which implements Contract. Annotate TokenState with @BelongsToContract(bootcamp.TokenContract.class) to remove this warning. {}
[WARN ] 2019-07-13T18:22:50,852Z [main] contracts.TransactionState.<init> - State class bootcamp.TokenState is not annotated with @BelongsToContract, and does not have an enclosing class which implements Contract. Annotate TokenState with @BelongsToContract(bootcamp.TokenContract.class) to remove this warning. {}
[INFO ] 2019-07-13T18:23:04,310Z [main] cordapp.JarScanningCordappLoader.<init> - Loading CorDapps from RestrictedURL(url=file:/Users/Matt/Documents/bootcamp-cordapp/build/generated-custom-cordapps/20190713-182302.854/custom-cordapp_1_4_0c880f66-96f0-43d2-9038-59f86d227e33.jar, rootPackageName=null) {}
[INFO ] 2019-07-13T18:23:04,362Z [main] cordapp.JarScanningCordappLoader.scanCordapp - Scanning CorDapp in file:/Users/Matt/Documents/bootcamp-cordapp/build/generated-custom-cordapps/20190713-182302.854/custom-cordapp_1_4_0c880f66-96f0-43d2-9038-59f86d227e33.jar {}
[INFO ] 2019-07-13T18:23:04,451Z [main] cordapp.JarScanningCordappLoader.findNotaryService - Found notary service CorDapp implementations:  {}
[WARN ] 2019-07-13T18:23:08,031Z [main] contracts.TransactionState.<init> - State class net.corda.testing.contracts.DummyState belongs to contract net.corda.testing.contracts.DummyContract, but is bundled with contract bootcamp.TokenContract in TransactionState. Annotate DummyState with @BelongsToContract(bootcamp.TokenContract.class) to remove this warning. {}
[WARN ] 2019-07-13T18:23:08,141Z [main] contracts.TransactionState.<init> - State class net.corda.testing.contracts.DummyState belongs to contract net.corda.testing.contracts.DummyContract, but is bundled with contract bootcamp.TokenContract in TransactionState. Annotate DummyState with @BelongsToContract(bootcamp.TokenContract.class) to remove this warning. {}
[WARN ] 2019-07-13T18:23:11,138Z [main] contracts.TransactionState.<init> - State class net.corda.testing.contracts.DummyState belongs to contract net.corda.testing.contracts.DummyContract, but is bundled with contract bootcamp.TokenContract in TransactionState. Annotate DummyState with @BelongsToContract(bootcamp.TokenContract.class) to remove this warning. {}
[WARN ] 2019-07-13T18:23:11,159Z [main] internal.Verifier.warnOnce - State of class net.corda.testing.contracts.DummyState belongs to contract net.corda.testing.contracts.DummyContract, but is bundled in TransactionState with bootcamp.TokenContract.  For details see: https://docs.corda.net/api-contract-constraints.html#contract-state-agreement {}
[ERROR] 2019-07-13T18:23:11,164Z [main] internal.Verifier.verifyContracts - Error validating transaction A1119A23091948DA89CDF71BCD646DCEBFE1FA24206840BBE391520EA205F977. [errorCode=gtgacr, moreInformationAt=https://errors.corda.net/OS/4.0/gtgacr] {}
java.lang.IllegalArgumentException: Output must be a TokenState
	at bootcamp.TokenContract.verify(TokenContract.java:51) ~[main/:?]
	at net.corda.core.internal.Verifier.verifyContracts(TransactionVerifierServiceInternal.kt:377) ~[corda-core-4.0.jar:?]
	at net.corda.core.internal.Verifier.verify(TransactionVerifierServiceInternal.kt:71) ~[corda-core-4.0.jar:?]
	at net.corda.core.transactions.LedgerTransaction.verify(LedgerTransaction.kt:125) ~[corda-core-4.0.jar:?]
	at net.corda.core.transactions.TransactionBuilder.addMissingDependency(TransactionBuilder.kt:173) ~[corda-core-4.0.jar:?]
	at net.corda.core.transactions.TransactionBuilder.toWireTransactionWithContext$core(TransactionBuilder.kt:160) ~[corda-core-4.0.jar:?]
	at net.corda.core.transactions.TransactionBuilder.toWireTransactionWithContext$core$default(TransactionBuilder.kt:128) ~[corda-core-4.0.jar:?]
	at net.corda.core.transactions.TransactionBuilder.toWireTransaction(TransactionBuilder.kt:125) ~[corda-core-4.0.jar:?]
	at net.corda.testing.dsl.TestTransactionDSLInterpreter.toWireTransaction$test_utils(TestDSL.kt:95) ~[corda-test-utils-4.0.jar:?]
	at net.corda.testing.dsl.TestTransactionDSLInterpreter.verifies(TestDSL.kt:139) ~[corda-test-utils-4.0.jar:?]
	at net.corda.testing.dsl.Verifies$DefaultImpls.failsWith(LedgerDSLInterpreter.kt:45) ~[corda-test-utils-4.0.jar:?]
	at net.corda.testing.dsl.TransactionDSLInterpreter$DefaultImpls.failsWith(TransactionDSLInterpreter.kt) ~[corda-test-utils-4.0.jar:?]
	at net.corda.testing.dsl.TestTransactionDSLInterpreter.failsWith(TestDSL.kt:69) ~[corda-test-utils-4.0.jar:?]
	at net.corda.testing.dsl.Verifies$DefaultImpls.fails(LedgerDSLInterpreter.kt:75) ~[corda-test-utils-4.0.jar:?]
	at net.corda.testing.dsl.TransactionDSLInterpreter$DefaultImpls.fails(TransactionDSLInterpreter.kt) ~[corda-test-utils-4.0.jar:?]
	at net.corda.testing.dsl.TestTransactionDSLInterpreter.fails(TestDSL.kt:69) ~[corda-test-utils-4.0.jar:?]
	at net.corda.testing.dsl.TransactionDSL.fails(TransactionDSLInterpreter.kt) ~[corda-test-utils-4.0.jar:?]
	at bootcamp.ContractTests.lambda$tokenContractRequiresTheTransactionsOutputToBeATokenState$6(ContractTests.java:92) ~[test/:?]
	at net.corda.testing.node.NodeTestUtils$transaction$1.invoke(NodeTestUtils.kt:54) ~[corda-node-driver-4.0.jar:?]
	at net.corda.testing.node.NodeTestUtils$transaction$1.invoke(NodeTestUtils.kt) ~[corda-node-driver-4.0.jar:?]
	at net.corda.testing.node.NodeTestUtils$ledger$2.invoke(NodeTestUtils.kt:39) ~[corda-node-driver-4.0.jar:?]
	at net.corda.testing.node.NodeTestUtils$ledger$2.invoke(NodeTestUtils.kt) ~[corda-node-driver-4.0.jar:?]
	at net.corda.testing.internal.InternalTestUtilsKt$withTestSerializationEnvIfNotSet$1.invoke(InternalTestUtils.kt:214) ~[corda-test-utils-4.0.jar:?]
	at net.corda.testing.internal.InternalTestUtilsKt$withTestSerializationEnvIfNotSet$1.invoke(InternalTestUtils.kt) ~[corda-test-utils-4.0.jar:?]
	at net.corda.testing.common.internal.CommonSerializationTestHelpersKt.asContextEnv(CommonSerializationTestHelpers.kt:11) ~[corda-test-common-4.0.jar:?]
	at net.corda.testing.internal.InternalSerializationTestHelpersKt.asTestContextEnv(InternalSerializationTestHelpers.kt:33) ~[corda-test-utils-4.0.jar:?]
	at net.corda.testing.internal.InternalSerializationTestHelpersKt.asTestContextEnv$default(InternalSerializationTestHelpers.kt:31) ~[corda-test-utils-4.0.jar:?]
	at net.corda.testing.internal.InternalTestUtilsKt.withTestSerializationEnvIfNotSet(InternalTestUtils.kt:214) ~[corda-test-utils-4.0.jar:?]
	at net.corda.testing.node.NodeTestUtils.ledger(NodeTestUtils.kt:36) ~[corda-node-driver-4.0.jar:?]
	at net.corda.testing.node.NodeTestUtils.transaction(NodeTestUtils.kt:53) ~[corda-node-driver-4.0.jar:?]
	at net.corda.testing.node.NodeTestUtils.transaction$default(NodeTestUtils.kt:51) ~[corda-node-driver-4.0.jar:?]
	at net.corda.testing.node.NodeTestUtils.transaction(NodeTestUtils.kt) ~[corda-node-driver-4.0.jar:?]
	at bootcamp.ContractTests.tokenContractRequiresTheTransactionsOutputToBeATokenState(ContractTests.java:88) ~[test/:?]
	at sun.reflect.NativeMethodAccessorImpl.invoke0(Native Method) ~[?:1.8.0_121]
	at sun.reflect.NativeMethodAccessorImpl.invoke(NativeMethodAccessorImpl.java:62) ~[?:1.8.0_121]
	at sun.reflect.DelegatingMethodAccessorImpl.invoke(DelegatingMethodAccessorImpl.java:43) ~[?:1.8.0_121]
	at java.lang.reflect.Method.invoke(Method.java:498) ~[?:1.8.0_121]
	at org.junit.runners.model.FrameworkMethod$1.runReflectiveCall(FrameworkMethod.java:50) ~[junit-4.12.jar:4.12]
	at org.junit.internal.runners.model.ReflectiveCallable.run(ReflectiveCallable.java:12) ~[junit-4.12.jar:4.12]
	at org.junit.runners.model.FrameworkMethod.invokeExplosively(FrameworkMethod.java:47) ~[junit-4.12.jar:4.12]
	at org.junit.internal.runners.statements.InvokeMethod.evaluate(InvokeMethod.java:17) ~[junit-4.12.jar:4.12]
	at org.junit.runners.ParentRunner.runLeaf(ParentRunner.java:325) ~[junit-4.12.jar:4.12]
	at org.junit.runners.BlockJUnit4ClassRunner.runChild(BlockJUnit4ClassRunner.java:78) ~[junit-4.12.jar:4.12]
	at org.junit.runners.BlockJUnit4ClassRunner.runChild(BlockJUnit4ClassRunner.java:57) ~[junit-4.12.jar:4.12]
	at org.junit.runners.ParentRunner$3.run(ParentRunner.java:290) ~[junit-4.12.jar:4.12]
	at org.junit.runners.ParentRunner$1.schedule(ParentRunner.java:71) ~[junit-4.12.jar:4.12]
	at org.junit.runners.ParentRunner.runChildren(ParentRunner.java:288) ~[junit-4.12.jar:4.12]
	at org.junit.runners.ParentRunner.access$000(ParentRunner.java:58) ~[junit-4.12.jar:4.12]
	at org.junit.runners.ParentRunner$2.evaluate(ParentRunner.java:268) ~[junit-4.12.jar:4.12]
	at org.junit.runners.ParentRunner.run(ParentRunner.java:363) ~[junit-4.12.jar:4.12]
	at org.junit.runner.JUnitCore.run(JUnitCore.java:137) ~[junit-4.12.jar:4.12]
	at com.intellij.junit4.JUnit4IdeaTestRunner.startRunnerWithArgs(JUnit4IdeaTestRunner.java:68) ~[junit-rt.jar:?]
	at com.intellij.rt.execution.junit.IdeaTestRunner$Repeater.startRunnerWithArgs(IdeaTestRunner.java:47) ~[junit-rt.jar:?]
	at com.intellij.rt.execution.junit.JUnitStarter.prepareStreamsAndStart(JUnitStarter.java:242) ~[junit-rt.jar:?]
	at com.intellij.rt.execution.junit.JUnitStarter.main(JUnitStarter.java:70) ~[junit-rt.jar:?]
[WARN ] 2019-07-13T18:23:11,178Z [main] contracts.TransactionState.<init> - State class net.corda.testing.contracts.DummyState belongs to contract net.corda.testing.contracts.DummyContract, but is bundled with contract bootcamp.TokenContract in TransactionState. Annotate DummyState with @BelongsToContract(bootcamp.TokenContract.class) to remove this warning. {}
[ERROR] 2019-07-13T18:23:11,180Z [main] internal.Verifier.verifyContracts - Error validating transaction A1119A23091948DA89CDF71BCD646DCEBFE1FA24206840BBE391520EA205F977. [errorCode=gtgacr, moreInformationAt=https://errors.corda.net/OS/4.0/gtgacr] {}
java.lang.IllegalArgumentException: Output must be a TokenState
	at bootcamp.TokenContract.verify(TokenContract.java:51) ~[main/:?]
	at net.corda.core.internal.Verifier.verifyContracts(TransactionVerifierServiceInternal.kt:377) ~[corda-core-4.0.jar:?]
	at net.corda.core.internal.Verifier.verify(TransactionVerifierServiceInternal.kt:71) ~[corda-core-4.0.jar:?]
	at net.corda.core.transactions.LedgerTransaction.verify(LedgerTransaction.kt:125) ~[corda-core-4.0.jar:?]
	at net.corda.testing.dsl.TestTransactionDSLInterpreter.verifies(TestDSL.kt:139) ~[corda-test-utils-4.0.jar:?]
	at net.corda.testing.dsl.Verifies$DefaultImpls.failsWith(LedgerDSLInterpreter.kt:45) ~[corda-test-utils-4.0.jar:?]
	at net.corda.testing.dsl.TransactionDSLInterpreter$DefaultImpls.failsWith(TransactionDSLInterpreter.kt) ~[corda-test-utils-4.0.jar:?]
	at net.corda.testing.dsl.TestTransactionDSLInterpreter.failsWith(TestDSL.kt:69) ~[corda-test-utils-4.0.jar:?]
	at net.corda.testing.dsl.Verifies$DefaultImpls.fails(LedgerDSLInterpreter.kt:75) ~[corda-test-utils-4.0.jar:?]
	at net.corda.testing.dsl.TransactionDSLInterpreter$DefaultImpls.fails(TransactionDSLInterpreter.kt) ~[corda-test-utils-4.0.jar:?]
	at net.corda.testing.dsl.TestTransactionDSLInterpreter.fails(TestDSL.kt:69) ~[corda-test-utils-4.0.jar:?]
	at net.corda.testing.dsl.TransactionDSL.fails(TransactionDSLInterpreter.kt) ~[corda-test-utils-4.0.jar:?]
	at bootcamp.ContractTests.lambda$tokenContractRequiresTheTransactionsOutputToBeATokenState$6(ContractTests.java:92) ~[test/:?]
	at net.corda.testing.node.NodeTestUtils$transaction$1.invoke(NodeTestUtils.kt:54) ~[corda-node-driver-4.0.jar:?]
	at net.corda.testing.node.NodeTestUtils$transaction$1.invoke(NodeTestUtils.kt) ~[corda-node-driver-4.0.jar:?]
	at net.corda.testing.node.NodeTestUtils$ledger$2.invoke(NodeTestUtils.kt:39) ~[corda-node-driver-4.0.jar:?]
	at net.corda.testing.node.NodeTestUtils$ledger$2.invoke(NodeTestUtils.kt) ~[corda-node-driver-4.0.jar:?]
	at net.corda.testing.internal.InternalTestUtilsKt$withTestSerializationEnvIfNotSet$1.invoke(InternalTestUtils.kt:214) ~[corda-test-utils-4.0.jar:?]
	at net.corda.testing.internal.InternalTestUtilsKt$withTestSerializationEnvIfNotSet$1.invoke(InternalTestUtils.kt) ~[corda-test-utils-4.0.jar:?]
	at net.corda.testing.common.internal.CommonSerializationTestHelpersKt.asContextEnv(CommonSerializationTestHelpers.kt:11) ~[corda-test-common-4.0.jar:?]
	at net.corda.testing.internal.InternalSerializationTestHelpersKt.asTestContextEnv(InternalSerializationTestHelpers.kt:33) ~[corda-test-utils-4.0.jar:?]
	at net.corda.testing.internal.InternalSerializationTestHelpersKt.asTestContextEnv$default(InternalSerializationTestHelpers.kt:31) ~[corda-test-utils-4.0.jar:?]
	at net.corda.testing.internal.InternalTestUtilsKt.withTestSerializationEnvIfNotSet(InternalTestUtils.kt:214) ~[corda-test-utils-4.0.jar:?]
	at net.corda.testing.node.NodeTestUtils.ledger(NodeTestUtils.kt:36) ~[corda-node-driver-4.0.jar:?]
	at net.corda.testing.node.NodeTestUtils.transaction(NodeTestUtils.kt:53) ~[corda-node-driver-4.0.jar:?]
	at net.corda.testing.node.NodeTestUtils.transaction$default(NodeTestUtils.kt:51) ~[corda-node-driver-4.0.jar:?]
	at net.corda.testing.node.NodeTestUtils.transaction(NodeTestUtils.kt) ~[corda-node-driver-4.0.jar:?]
	at bootcamp.ContractTests.tokenContractRequiresTheTransactionsOutputToBeATokenState(ContractTests.java:88) ~[test/:?]
	at sun.reflect.NativeMethodAccessorImpl.invoke0(Native Method) ~[?:1.8.0_121]
	at sun.reflect.NativeMethodAccessorImpl.invoke(NativeMethodAccessorImpl.java:62) ~[?:1.8.0_121]
	at sun.reflect.DelegatingMethodAccessorImpl.invoke(DelegatingMethodAccessorImpl.java:43) ~[?:1.8.0_121]
	at java.lang.reflect.Method.invoke(Method.java:498) ~[?:1.8.0_121]
	at org.junit.runners.model.FrameworkMethod$1.runReflectiveCall(FrameworkMethod.java:50) ~[junit-4.12.jar:4.12]
	at org.junit.internal.runners.model.ReflectiveCallable.run(ReflectiveCallable.java:12) ~[junit-4.12.jar:4.12]
	at org.junit.runners.model.FrameworkMethod.invokeExplosively(FrameworkMethod.java:47) ~[junit-4.12.jar:4.12]
	at org.junit.internal.runners.statements.InvokeMethod.evaluate(InvokeMethod.java:17) ~[junit-4.12.jar:4.12]
	at org.junit.runners.ParentRunner.runLeaf(ParentRunner.java:325) ~[junit-4.12.jar:4.12]
	at org.junit.runners.BlockJUnit4ClassRunner.runChild(BlockJUnit4ClassRunner.java:78) ~[junit-4.12.jar:4.12]
	at org.junit.runners.BlockJUnit4ClassRunner.runChild(BlockJUnit4ClassRunner.java:57) ~[junit-4.12.jar:4.12]
	at org.junit.runners.ParentRunner$3.run(ParentRunner.java:290) ~[junit-4.12.jar:4.12]
	at org.junit.runners.ParentRunner$1.schedule(ParentRunner.java:71) ~[junit-4.12.jar:4.12]
	at org.junit.runners.ParentRunner.runChildren(ParentRunner.java:288) ~[junit-4.12.jar:4.12]
	at org.junit.runners.ParentRunner.access$000(ParentRunner.java:58) ~[junit-4.12.jar:4.12]
	at org.junit.runners.ParentRunner$2.evaluate(ParentRunner.java:268) ~[junit-4.12.jar:4.12]
	at org.junit.runners.ParentRunner.run(ParentRunner.java:363) ~[junit-4.12.jar:4.12]
	at org.junit.runner.JUnitCore.run(JUnitCore.java:137) ~[junit-4.12.jar:4.12]
	at com.intellij.junit4.JUnit4IdeaTestRunner.startRunnerWithArgs(JUnit4IdeaTestRunner.java:68) ~[junit-rt.jar:?]
	at com.intellij.rt.execution.junit.IdeaTestRunner$Repeater.startRunnerWithArgs(IdeaTestRunner.java:47) ~[junit-rt.jar:?]
	at com.intellij.rt.execution.junit.JUnitStarter.prepareStreamsAndStart(JUnitStarter.java:242) ~[junit-rt.jar:?]
	at com.intellij.rt.execution.junit.JUnitStarter.main(JUnitStarter.java:70) ~[junit-rt.jar:?]
[WARN ] 2019-07-13T18:23:11,287Z [main] contracts.TransactionState.<init> - State class bootcamp.TokenState is not annotated with @BelongsToContract, and does not have an enclosing class which implements Contract. Annotate TokenState with @BelongsToContract(bootcamp.TokenContract.class) to remove this warning. {}
[WARN ] 2019-07-13T18:23:11,333Z [main] contracts.TransactionState.<init> - State class bootcamp.TokenState is not annotated with @BelongsToContract, and does not have an enclosing class which implements Contract. Annotate TokenState with @BelongsToContract(bootcamp.TokenContract.class) to remove this warning. {}
[WARN ] 2019-07-13T18:23:15,049Z [main] contracts.TransactionState.<init> - State class bootcamp.TokenState is not annotated with @BelongsToContract, and does not have an enclosing class which implements Contract. Annotate TokenState with @BelongsToContract(bootcamp.TokenContract.class) to remove this warning. {}
[WARN ] 2019-07-13T18:23:15,113Z [main] contracts.TransactionState.<init> - State class bootcamp.TokenState is not annotated with @BelongsToContract, and does not have an enclosing class which implements Contract. Annotate TokenState with @BelongsToContract(bootcamp.TokenContract.class) to remove this warning. {}
[INFO ] 2019-07-13T18:23:35,261Z [main] cordapp.JarScanningCordappLoader.<init> - Loading CorDapps from RestrictedURL(url=file:/Users/Matt/Documents/bootcamp-cordapp/build/generated-custom-cordapps/20190713-182334.084/custom-cordapp_1_4_bf58355b-4aac-40a6-9c21-2d4dcfade82a.jar, rootPackageName=null) {}
[INFO ] 2019-07-13T18:23:35,333Z [main] cordapp.JarScanningCordappLoader.scanCordapp - Scanning CorDapp in file:/Users/Matt/Documents/bootcamp-cordapp/build/generated-custom-cordapps/20190713-182334.084/custom-cordapp_1_4_bf58355b-4aac-40a6-9c21-2d4dcfade82a.jar {}
[INFO ] 2019-07-13T18:23:35,425Z [main] cordapp.JarScanningCordappLoader.findNotaryService - Found notary service CorDapp implementations:  {}
[WARN ] 2019-07-13T18:23:37,346Z [main] contracts.TransactionState.<init> - State class bootcamp.TokenState is not annotated with @BelongsToContract, and does not have an enclosing class which implements Contract. Annotate TokenState with @BelongsToContract(bootcamp.TokenContract.class) to remove this warning. {}
[WARN ] 2019-07-13T18:23:37,404Z [main] contracts.TransactionState.<init> - State class bootcamp.TokenState is not annotated with @BelongsToContract, and does not have an enclosing class which implements Contract. Annotate TokenState with @BelongsToContract(bootcamp.TokenContract.class) to remove this warning. {}
[WARN ] 2019-07-13T18:23:39,360Z [main] contracts.TransactionState.<init> - State class bootcamp.TokenState is not annotated with @BelongsToContract, and does not have an enclosing class which implements Contract. Annotate TokenState with @BelongsToContract(bootcamp.TokenContract.class) to remove this warning. {}
[ERROR] 2019-07-13T18:23:39,389Z [main] internal.Verifier.verifyContracts - Error validating transaction 250C5C5C6D6E8A75C75311AAF60728FADC33D3F3D0B1ECC7F9B8468C2DC512FE. [errorCode=gtgacr, moreInformationAt=https://errors.corda.net/OS/4.0/gtgacr] {}
java.lang.IllegalArgumentException: Output must be greater than 0
	at bootcamp.TokenContract.verify(TokenContract.java:60) ~[main/:?]
	at net.corda.core.internal.Verifier.verifyContracts(TransactionVerifierServiceInternal.kt:377) ~[corda-core-4.0.jar:?]
	at net.corda.core.internal.Verifier.verify(TransactionVerifierServiceInternal.kt:71) ~[corda-core-4.0.jar:?]
	at net.corda.core.transactions.LedgerTransaction.verify(LedgerTransaction.kt:125) ~[corda-core-4.0.jar:?]
	at net.corda.core.transactions.TransactionBuilder.addMissingDependency(TransactionBuilder.kt:173) ~[corda-core-4.0.jar:?]
	at net.corda.core.transactions.TransactionBuilder.toWireTransactionWithContext$core(TransactionBuilder.kt:160) ~[corda-core-4.0.jar:?]
	at net.corda.core.transactions.TransactionBuilder.toWireTransactionWithContext$core$default(TransactionBuilder.kt:128) ~[corda-core-4.0.jar:?]
	at net.corda.core.transactions.TransactionBuilder.toWireTransaction(TransactionBuilder.kt:125) ~[corda-core-4.0.jar:?]
	at net.corda.testing.dsl.TestTransactionDSLInterpreter.toWireTransaction$test_utils(TestDSL.kt:95) ~[corda-test-utils-4.0.jar:?]
	at net.corda.testing.dsl.TestTransactionDSLInterpreter.verifies(TestDSL.kt:139) ~[corda-test-utils-4.0.jar:?]
	at net.corda.testing.dsl.Verifies$DefaultImpls.failsWith(LedgerDSLInterpreter.kt:45) ~[corda-test-utils-4.0.jar:?]
	at net.corda.testing.dsl.TransactionDSLInterpreter$DefaultImpls.failsWith(TransactionDSLInterpreter.kt) ~[corda-test-utils-4.0.jar:?]
	at net.corda.testing.dsl.TestTransactionDSLInterpreter.failsWith(TestDSL.kt:69) ~[corda-test-utils-4.0.jar:?]
	at net.corda.testing.dsl.Verifies$DefaultImpls.fails(LedgerDSLInterpreter.kt:75) ~[corda-test-utils-4.0.jar:?]
	at net.corda.testing.dsl.TransactionDSLInterpreter$DefaultImpls.fails(TransactionDSLInterpreter.kt) ~[corda-test-utils-4.0.jar:?]
	at net.corda.testing.dsl.TestTransactionDSLInterpreter.fails(TestDSL.kt:69) ~[corda-test-utils-4.0.jar:?]
	at net.corda.testing.dsl.TransactionDSL.fails(TransactionDSLInterpreter.kt) ~[corda-test-utils-4.0.jar:?]
	at bootcamp.ContractTests.lambda$tokenContractRequiresTheTransactionsOutputToHaveAPositiveAmount$8(ContractTests.java:115) ~[test/:?]
	at net.corda.testing.node.NodeTestUtils$transaction$1.invoke(NodeTestUtils.kt:54) ~[corda-node-driver-4.0.jar:?]
	at net.corda.testing.node.NodeTestUtils$transaction$1.invoke(NodeTestUtils.kt) ~[corda-node-driver-4.0.jar:?]
	at net.corda.testing.node.NodeTestUtils$ledger$2.invoke(NodeTestUtils.kt:39) ~[corda-node-driver-4.0.jar:?]
	at net.corda.testing.node.NodeTestUtils$ledger$2.invoke(NodeTestUtils.kt) ~[corda-node-driver-4.0.jar:?]
	at net.corda.testing.internal.InternalTestUtilsKt$withTestSerializationEnvIfNotSet$1.invoke(InternalTestUtils.kt:214) ~[corda-test-utils-4.0.jar:?]
	at net.corda.testing.internal.InternalTestUtilsKt$withTestSerializationEnvIfNotSet$1.invoke(InternalTestUtils.kt) ~[corda-test-utils-4.0.jar:?]
	at net.corda.testing.common.internal.CommonSerializationTestHelpersKt.asContextEnv(CommonSerializationTestHelpers.kt:11) ~[corda-test-common-4.0.jar:?]
	at net.corda.testing.internal.InternalSerializationTestHelpersKt.asTestContextEnv(InternalSerializationTestHelpers.kt:33) ~[corda-test-utils-4.0.jar:?]
	at net.corda.testing.internal.InternalSerializationTestHelpersKt.asTestContextEnv$default(InternalSerializationTestHelpers.kt:31) ~[corda-test-utils-4.0.jar:?]
	at net.corda.testing.internal.InternalTestUtilsKt.withTestSerializationEnvIfNotSet(InternalTestUtils.kt:214) ~[corda-test-utils-4.0.jar:?]
	at net.corda.testing.node.NodeTestUtils.ledger(NodeTestUtils.kt:36) ~[corda-node-driver-4.0.jar:?]
	at net.corda.testing.node.NodeTestUtils.transaction(NodeTestUtils.kt:53) ~[corda-node-driver-4.0.jar:?]
	at net.corda.testing.node.NodeTestUtils.transaction$default(NodeTestUtils.kt:51) ~[corda-node-driver-4.0.jar:?]
	at net.corda.testing.node.NodeTestUtils.transaction(NodeTestUtils.kt) ~[corda-node-driver-4.0.jar:?]
	at bootcamp.ContractTests.tokenContractRequiresTheTransactionsOutputToHaveAPositiveAmount(ContractTests.java:111) ~[test/:?]
	at sun.reflect.NativeMethodAccessorImpl.invoke0(Native Method) ~[?:1.8.0_121]
	at sun.reflect.NativeMethodAccessorImpl.invoke(NativeMethodAccessorImpl.java:62) ~[?:1.8.0_121]
	at sun.reflect.DelegatingMethodAccessorImpl.invoke(DelegatingMethodAccessorImpl.java:43) ~[?:1.8.0_121]
	at java.lang.reflect.Method.invoke(Method.java:498) ~[?:1.8.0_121]
	at org.junit.runners.model.FrameworkMethod$1.runReflectiveCall(FrameworkMethod.java:50) ~[junit-4.12.jar:4.12]
	at org.junit.internal.runners.model.ReflectiveCallable.run(ReflectiveCallable.java:12) ~[junit-4.12.jar:4.12]
	at org.junit.runners.model.FrameworkMethod.invokeExplosively(FrameworkMethod.java:47) ~[junit-4.12.jar:4.12]
	at org.junit.internal.runners.statements.InvokeMethod.evaluate(InvokeMethod.java:17) ~[junit-4.12.jar:4.12]
	at org.junit.runners.ParentRunner.runLeaf(ParentRunner.java:325) ~[junit-4.12.jar:4.12]
	at org.junit.runners.BlockJUnit4ClassRunner.runChild(BlockJUnit4ClassRunner.java:78) ~[junit-4.12.jar:4.12]
	at org.junit.runners.BlockJUnit4ClassRunner.runChild(BlockJUnit4ClassRunner.java:57) ~[junit-4.12.jar:4.12]
	at org.junit.runners.ParentRunner$3.run(ParentRunner.java:290) ~[junit-4.12.jar:4.12]
	at org.junit.runners.ParentRunner$1.schedule(ParentRunner.java:71) ~[junit-4.12.jar:4.12]
	at org.junit.runners.ParentRunner.runChildren(ParentRunner.java:288) ~[junit-4.12.jar:4.12]
	at org.junit.runners.ParentRunner.access$000(ParentRunner.java:58) ~[junit-4.12.jar:4.12]
	at org.junit.runners.ParentRunner$2.evaluate(ParentRunner.java:268) ~[junit-4.12.jar:4.12]
	at org.junit.runners.ParentRunner.run(ParentRunner.java:363) ~[junit-4.12.jar:4.12]
	at org.junit.runner.JUnitCore.run(JUnitCore.java:137) ~[junit-4.12.jar:4.12]
	at com.intellij.junit4.JUnit4IdeaTestRunner.startRunnerWithArgs(JUnit4IdeaTestRunner.java:68) ~[junit-rt.jar:?]
	at com.intellij.rt.execution.junit.IdeaTestRunner$Repeater.startRunnerWithArgs(IdeaTestRunner.java:47) ~[junit-rt.jar:?]
	at com.intellij.rt.execution.junit.JUnitStarter.prepareStreamsAndStart(JUnitStarter.java:242) ~[junit-rt.jar:?]
	at com.intellij.rt.execution.junit.JUnitStarter.main(JUnitStarter.java:70) ~[junit-rt.jar:?]
[WARN ] 2019-07-13T18:23:39,396Z [main] contracts.TransactionState.<init> - State class bootcamp.TokenState is not annotated with @BelongsToContract, and does not have an enclosing class which implements Contract. Annotate TokenState with @BelongsToContract(bootcamp.TokenContract.class) to remove this warning. {}
[ERROR] 2019-07-13T18:23:39,397Z [main] internal.Verifier.verifyContracts - Error validating transaction 250C5C5C6D6E8A75C75311AAF60728FADC33D3F3D0B1ECC7F9B8468C2DC512FE. [errorCode=gtgacr, moreInformationAt=https://errors.corda.net/OS/4.0/gtgacr] {}
java.lang.IllegalArgumentException: Output must be greater than 0
	at bootcamp.TokenContract.verify(TokenContract.java:60) ~[main/:?]
	at net.corda.core.internal.Verifier.verifyContracts(TransactionVerifierServiceInternal.kt:377) ~[corda-core-4.0.jar:?]
	at net.corda.core.internal.Verifier.verify(TransactionVerifierServiceInternal.kt:71) ~[corda-core-4.0.jar:?]
	at net.corda.core.transactions.LedgerTransaction.verify(LedgerTransaction.kt:125) ~[corda-core-4.0.jar:?]
	at net.corda.testing.dsl.TestTransactionDSLInterpreter.verifies(TestDSL.kt:139) ~[corda-test-utils-4.0.jar:?]
	at net.corda.testing.dsl.Verifies$DefaultImpls.failsWith(LedgerDSLInterpreter.kt:45) ~[corda-test-utils-4.0.jar:?]
	at net.corda.testing.dsl.TransactionDSLInterpreter$DefaultImpls.failsWith(TransactionDSLInterpreter.kt) ~[corda-test-utils-4.0.jar:?]
	at net.corda.testing.dsl.TestTransactionDSLInterpreter.failsWith(TestDSL.kt:69) ~[corda-test-utils-4.0.jar:?]
	at net.corda.testing.dsl.Verifies$DefaultImpls.fails(LedgerDSLInterpreter.kt:75) ~[corda-test-utils-4.0.jar:?]
	at net.corda.testing.dsl.TransactionDSLInterpreter$DefaultImpls.fails(TransactionDSLInterpreter.kt) ~[corda-test-utils-4.0.jar:?]
	at net.corda.testing.dsl.TestTransactionDSLInterpreter.fails(TestDSL.kt:69) ~[corda-test-utils-4.0.jar:?]
	at net.corda.testing.dsl.TransactionDSL.fails(TransactionDSLInterpreter.kt) ~[corda-test-utils-4.0.jar:?]
	at bootcamp.ContractTests.lambda$tokenContractRequiresTheTransactionsOutputToHaveAPositiveAmount$8(ContractTests.java:115) ~[test/:?]
	at net.corda.testing.node.NodeTestUtils$transaction$1.invoke(NodeTestUtils.kt:54) ~[corda-node-driver-4.0.jar:?]
	at net.corda.testing.node.NodeTestUtils$transaction$1.invoke(NodeTestUtils.kt) ~[corda-node-driver-4.0.jar:?]
	at net.corda.testing.node.NodeTestUtils$ledger$2.invoke(NodeTestUtils.kt:39) ~[corda-node-driver-4.0.jar:?]
	at net.corda.testing.node.NodeTestUtils$ledger$2.invoke(NodeTestUtils.kt) ~[corda-node-driver-4.0.jar:?]
	at net.corda.testing.internal.InternalTestUtilsKt$withTestSerializationEnvIfNotSet$1.invoke(InternalTestUtils.kt:214) ~[corda-test-utils-4.0.jar:?]
	at net.corda.testing.internal.InternalTestUtilsKt$withTestSerializationEnvIfNotSet$1.invoke(InternalTestUtils.kt) ~[corda-test-utils-4.0.jar:?]
	at net.corda.testing.common.internal.CommonSerializationTestHelpersKt.asContextEnv(CommonSerializationTestHelpers.kt:11) ~[corda-test-common-4.0.jar:?]
	at net.corda.testing.internal.InternalSerializationTestHelpersKt.asTestContextEnv(InternalSerializationTestHelpers.kt:33) ~[corda-test-utils-4.0.jar:?]
	at net.corda.testing.internal.InternalSerializationTestHelpersKt.asTestContextEnv$default(InternalSerializationTestHelpers.kt:31) ~[corda-test-utils-4.0.jar:?]
	at net.corda.testing.internal.InternalTestUtilsKt.withTestSerializationEnvIfNotSet(InternalTestUtils.kt:214) ~[corda-test-utils-4.0.jar:?]
	at net.corda.testing.node.NodeTestUtils.ledger(NodeTestUtils.kt:36) ~[corda-node-driver-4.0.jar:?]
	at net.corda.testing.node.NodeTestUtils.transaction(NodeTestUtils.kt:53) ~[corda-node-driver-4.0.jar:?]
	at net.corda.testing.node.NodeTestUtils.transaction$default(NodeTestUtils.kt:51) ~[corda-node-driver-4.0.jar:?]
	at net.corda.testing.node.NodeTestUtils.transaction(NodeTestUtils.kt) ~[corda-node-driver-4.0.jar:?]
	at bootcamp.ContractTests.tokenContractRequiresTheTransactionsOutputToHaveAPositiveAmount(ContractTests.java:111) ~[test/:?]
	at sun.reflect.NativeMethodAccessorImpl.invoke0(Native Method) ~[?:1.8.0_121]
	at sun.reflect.NativeMethodAccessorImpl.invoke(NativeMethodAccessorImpl.java:62) ~[?:1.8.0_121]
	at sun.reflect.DelegatingMethodAccessorImpl.invoke(DelegatingMethodAccessorImpl.java:43) ~[?:1.8.0_121]
	at java.lang.reflect.Method.invoke(Method.java:498) ~[?:1.8.0_121]
	at org.junit.runners.model.FrameworkMethod$1.runReflectiveCall(FrameworkMethod.java:50) ~[junit-4.12.jar:4.12]
	at org.junit.internal.runners.model.ReflectiveCallable.run(ReflectiveCallable.java:12) ~[junit-4.12.jar:4.12]
	at org.junit.runners.model.FrameworkMethod.invokeExplosively(FrameworkMethod.java:47) ~[junit-4.12.jar:4.12]
	at org.junit.internal.runners.statements.InvokeMethod.evaluate(InvokeMethod.java:17) ~[junit-4.12.jar:4.12]
	at org.junit.runners.ParentRunner.runLeaf(ParentRunner.java:325) ~[junit-4.12.jar:4.12]
	at org.junit.runners.BlockJUnit4ClassRunner.runChild(BlockJUnit4ClassRunner.java:78) ~[junit-4.12.jar:4.12]
	at org.junit.runners.BlockJUnit4ClassRunner.runChild(BlockJUnit4ClassRunner.java:57) ~[junit-4.12.jar:4.12]
	at org.junit.runners.ParentRunner$3.run(ParentRunner.java:290) ~[junit-4.12.jar:4.12]
	at org.junit.runners.ParentRunner$1.schedule(ParentRunner.java:71) ~[junit-4.12.jar:4.12]
	at org.junit.runners.ParentRunner.runChildren(ParentRunner.java:288) ~[junit-4.12.jar:4.12]
	at org.junit.runners.ParentRunner.access$000(ParentRunner.java:58) ~[junit-4.12.jar:4.12]
	at org.junit.runners.ParentRunner$2.evaluate(ParentRunner.java:268) ~[junit-4.12.jar:4.12]
	at org.junit.runners.ParentRunner.run(ParentRunner.java:363) ~[junit-4.12.jar:4.12]
	at org.junit.runner.JUnitCore.run(JUnitCore.java:137) ~[junit-4.12.jar:4.12]
	at com.intellij.junit4.JUnit4IdeaTestRunner.startRunnerWithArgs(JUnit4IdeaTestRunner.java:68) ~[junit-rt.jar:?]
	at com.intellij.rt.execution.junit.IdeaTestRunner$Repeater.startRunnerWithArgs(IdeaTestRunner.java:47) ~[junit-rt.jar:?]
	at com.intellij.rt.execution.junit.JUnitStarter.prepareStreamsAndStart(JUnitStarter.java:242) ~[junit-rt.jar:?]
	at com.intellij.rt.execution.junit.JUnitStarter.main(JUnitStarter.java:70) ~[junit-rt.jar:?]
[WARN ] 2019-07-13T18:23:39,459Z [main] contracts.TransactionState.<init> - State class bootcamp.TokenState is not annotated with @BelongsToContract, and does not have an enclosing class which implements Contract. Annotate TokenState with @BelongsToContract(bootcamp.TokenContract.class) to remove this warning. {}
[WARN ] 2019-07-13T18:23:39,486Z [main] contracts.TransactionState.<init> - State class bootcamp.TokenState is not annotated with @BelongsToContract, and does not have an enclosing class which implements Contract. Annotate TokenState with @BelongsToContract(bootcamp.TokenContract.class) to remove this warning. {}
[WARN ] 2019-07-13T18:23:41,580Z [main] contracts.TransactionState.<init> - State class bootcamp.TokenState is not annotated with @BelongsToContract, and does not have an enclosing class which implements Contract. Annotate TokenState with @BelongsToContract(bootcamp.TokenContract.class) to remove this warning. {}
[ERROR] 2019-07-13T18:23:41,583Z [main] internal.Verifier.verifyContracts - Error validating transaction 9DDB8C443C9D3956E244618400BF2A2F118B91F4879B80519449EEDDF73AB8D0. [errorCode=gtgacr, moreInformationAt=https://errors.corda.net/OS/4.0/gtgacr] {}
java.lang.IllegalArgumentException: Output must be greater than 0
	at bootcamp.TokenContract.verify(TokenContract.java:60) ~[main/:?]
	at net.corda.core.internal.Verifier.verifyContracts(TransactionVerifierServiceInternal.kt:377) ~[corda-core-4.0.jar:?]
	at net.corda.core.internal.Verifier.verify(TransactionVerifierServiceInternal.kt:71) ~[corda-core-4.0.jar:?]
	at net.corda.core.transactions.LedgerTransaction.verify(LedgerTransaction.kt:125) ~[corda-core-4.0.jar:?]
	at net.corda.core.transactions.TransactionBuilder.addMissingDependency(TransactionBuilder.kt:173) ~[corda-core-4.0.jar:?]
	at net.corda.core.transactions.TransactionBuilder.toWireTransactionWithContext$core(TransactionBuilder.kt:160) ~[corda-core-4.0.jar:?]
	at net.corda.core.transactions.TransactionBuilder.toWireTransactionWithContext$core$default(TransactionBuilder.kt:128) ~[corda-core-4.0.jar:?]
	at net.corda.core.transactions.TransactionBuilder.toWireTransaction(TransactionBuilder.kt:125) ~[corda-core-4.0.jar:?]
	at net.corda.testing.dsl.TestTransactionDSLInterpreter.toWireTransaction$test_utils(TestDSL.kt:95) ~[corda-test-utils-4.0.jar:?]
	at net.corda.testing.dsl.TestTransactionDSLInterpreter.verifies(TestDSL.kt:139) ~[corda-test-utils-4.0.jar:?]
	at net.corda.testing.dsl.Verifies$DefaultImpls.failsWith(LedgerDSLInterpreter.kt:45) ~[corda-test-utils-4.0.jar:?]
	at net.corda.testing.dsl.TransactionDSLInterpreter$DefaultImpls.failsWith(TransactionDSLInterpreter.kt) ~[corda-test-utils-4.0.jar:?]
	at net.corda.testing.dsl.TestTransactionDSLInterpreter.failsWith(TestDSL.kt:69) ~[corda-test-utils-4.0.jar:?]
	at net.corda.testing.dsl.Verifies$DefaultImpls.fails(LedgerDSLInterpreter.kt:75) ~[corda-test-utils-4.0.jar:?]
	at net.corda.testing.dsl.TransactionDSLInterpreter$DefaultImpls.fails(TransactionDSLInterpreter.kt) ~[corda-test-utils-4.0.jar:?]
	at net.corda.testing.dsl.TestTransactionDSLInterpreter.fails(TestDSL.kt:69) ~[corda-test-utils-4.0.jar:?]
	at net.corda.testing.dsl.TransactionDSL.fails(TransactionDSLInterpreter.kt) ~[corda-test-utils-4.0.jar:?]
	at bootcamp.ContractTests.lambda$tokenContractRequiresTheTransactionsOutputToHaveAPositiveAmount$9(ContractTests.java:123) ~[test/:?]
	at net.corda.testing.node.NodeTestUtils$transaction$1.invoke(NodeTestUtils.kt:54) ~[corda-node-driver-4.0.jar:?]
	at net.corda.testing.node.NodeTestUtils$transaction$1.invoke(NodeTestUtils.kt) ~[corda-node-driver-4.0.jar:?]
	at net.corda.testing.node.NodeTestUtils$ledger$2.invoke(NodeTestUtils.kt:39) ~[corda-node-driver-4.0.jar:?]
	at net.corda.testing.node.NodeTestUtils$ledger$2.invoke(NodeTestUtils.kt) ~[corda-node-driver-4.0.jar:?]
	at net.corda.testing.internal.InternalTestUtilsKt$withTestSerializationEnvIfNotSet$1.invoke(InternalTestUtils.kt:214) ~[corda-test-utils-4.0.jar:?]
	at net.corda.testing.internal.InternalTestUtilsKt$withTestSerializationEnvIfNotSet$1.invoke(InternalTestUtils.kt) ~[corda-test-utils-4.0.jar:?]
	at net.corda.testing.common.internal.CommonSerializationTestHelpersKt.asContextEnv(CommonSerializationTestHelpers.kt:11) ~[corda-test-common-4.0.jar:?]
	at net.corda.testing.internal.InternalSerializationTestHelpersKt.asTestContextEnv(InternalSerializationTestHelpers.kt:33) ~[corda-test-utils-4.0.jar:?]
	at net.corda.testing.internal.InternalSerializationTestHelpersKt.asTestContextEnv$default(InternalSerializationTestHelpers.kt:31) ~[corda-test-utils-4.0.jar:?]
	at net.corda.testing.internal.InternalTestUtilsKt.withTestSerializationEnvIfNotSet(InternalTestUtils.kt:214) ~[corda-test-utils-4.0.jar:?]
	at net.corda.testing.node.NodeTestUtils.ledger(NodeTestUtils.kt:36) ~[corda-node-driver-4.0.jar:?]
	at net.corda.testing.node.NodeTestUtils.transaction(NodeTestUtils.kt:53) ~[corda-node-driver-4.0.jar:?]
	at net.corda.testing.node.NodeTestUtils.transaction$default(NodeTestUtils.kt:51) ~[corda-node-driver-4.0.jar:?]
	at net.corda.testing.node.NodeTestUtils.transaction(NodeTestUtils.kt) ~[corda-node-driver-4.0.jar:?]
	at bootcamp.ContractTests.tokenContractRequiresTheTransactionsOutputToHaveAPositiveAmount(ContractTests.java:119) ~[test/:?]
	at sun.reflect.NativeMethodAccessorImpl.invoke0(Native Method) ~[?:1.8.0_121]
	at sun.reflect.NativeMethodAccessorImpl.invoke(NativeMethodAccessorImpl.java:62) ~[?:1.8.0_121]
	at sun.reflect.DelegatingMethodAccessorImpl.invoke(DelegatingMethodAccessorImpl.java:43) ~[?:1.8.0_121]
	at java.lang.reflect.Method.invoke(Method.java:498) ~[?:1.8.0_121]
	at org.junit.runners.model.FrameworkMethod$1.runReflectiveCall(FrameworkMethod.java:50) ~[junit-4.12.jar:4.12]
	at org.junit.internal.runners.model.ReflectiveCallable.run(ReflectiveCallable.java:12) ~[junit-4.12.jar:4.12]
	at org.junit.runners.model.FrameworkMethod.invokeExplosively(FrameworkMethod.java:47) ~[junit-4.12.jar:4.12]
	at org.junit.internal.runners.statements.InvokeMethod.evaluate(InvokeMethod.java:17) ~[junit-4.12.jar:4.12]
	at org.junit.runners.ParentRunner.runLeaf(ParentRunner.java:325) ~[junit-4.12.jar:4.12]
	at org.junit.runners.BlockJUnit4ClassRunner.runChild(BlockJUnit4ClassRunner.java:78) ~[junit-4.12.jar:4.12]
	at org.junit.runners.BlockJUnit4ClassRunner.runChild(BlockJUnit4ClassRunner.java:57) ~[junit-4.12.jar:4.12]
	at org.junit.runners.ParentRunner$3.run(ParentRunner.java:290) ~[junit-4.12.jar:4.12]
	at org.junit.runners.ParentRunner$1.schedule(ParentRunner.java:71) ~[junit-4.12.jar:4.12]
	at org.junit.runners.ParentRunner.runChildren(ParentRunner.java:288) ~[junit-4.12.jar:4.12]
	at org.junit.runners.ParentRunner.access$000(ParentRunner.java:58) ~[junit-4.12.jar:4.12]
	at org.junit.runners.ParentRunner$2.evaluate(ParentRunner.java:268) ~[junit-4.12.jar:4.12]
	at org.junit.runners.ParentRunner.run(ParentRunner.java:363) ~[junit-4.12.jar:4.12]
	at org.junit.runner.JUnitCore.run(JUnitCore.java:137) ~[junit-4.12.jar:4.12]
	at com.intellij.junit4.JUnit4IdeaTestRunner.startRunnerWithArgs(JUnit4IdeaTestRunner.java:68) ~[junit-rt.jar:?]
	at com.intellij.rt.execution.junit.IdeaTestRunner$Repeater.startRunnerWithArgs(IdeaTestRunner.java:47) ~[junit-rt.jar:?]
	at com.intellij.rt.execution.junit.JUnitStarter.prepareStreamsAndStart(JUnitStarter.java:242) ~[junit-rt.jar:?]
	at com.intellij.rt.execution.junit.JUnitStarter.main(JUnitStarter.java:70) ~[junit-rt.jar:?]
[WARN ] 2019-07-13T18:23:41,590Z [main] contracts.TransactionState.<init> - State class bootcamp.TokenState is not annotated with @BelongsToContract, and does not have an enclosing class which implements Contract. Annotate TokenState with @BelongsToContract(bootcamp.TokenContract.class) to remove this warning. {}
[ERROR] 2019-07-13T18:23:41,591Z [main] internal.Verifier.verifyContracts - Error validating transaction 9DDB8C443C9D3956E244618400BF2A2F118B91F4879B80519449EEDDF73AB8D0. [errorCode=gtgacr, moreInformationAt=https://errors.corda.net/OS/4.0/gtgacr] {}
java.lang.IllegalArgumentException: Output must be greater than 0
	at bootcamp.TokenContract.verify(TokenContract.java:60) ~[main/:?]
	at net.corda.core.internal.Verifier.verifyContracts(TransactionVerifierServiceInternal.kt:377) ~[corda-core-4.0.jar:?]
	at net.corda.core.internal.Verifier.verify(TransactionVerifierServiceInternal.kt:71) ~[corda-core-4.0.jar:?]
	at net.corda.core.transactions.LedgerTransaction.verify(LedgerTransaction.kt:125) ~[corda-core-4.0.jar:?]
	at net.corda.testing.dsl.TestTransactionDSLInterpreter.verifies(TestDSL.kt:139) ~[corda-test-utils-4.0.jar:?]
	at net.corda.testing.dsl.Verifies$DefaultImpls.failsWith(LedgerDSLInterpreter.kt:45) ~[corda-test-utils-4.0.jar:?]
	at net.corda.testing.dsl.TransactionDSLInterpreter$DefaultImpls.failsWith(TransactionDSLInterpreter.kt) ~[corda-test-utils-4.0.jar:?]
	at net.corda.testing.dsl.TestTransactionDSLInterpreter.failsWith(TestDSL.kt:69) ~[corda-test-utils-4.0.jar:?]
	at net.corda.testing.dsl.Verifies$DefaultImpls.fails(LedgerDSLInterpreter.kt:75) ~[corda-test-utils-4.0.jar:?]
	at net.corda.testing.dsl.TransactionDSLInterpreter$DefaultImpls.fails(TransactionDSLInterpreter.kt) ~[corda-test-utils-4.0.jar:?]
	at net.corda.testing.dsl.TestTransactionDSLInterpreter.fails(TestDSL.kt:69) ~[corda-test-utils-4.0.jar:?]
	at net.corda.testing.dsl.TransactionDSL.fails(TransactionDSLInterpreter.kt) ~[corda-test-utils-4.0.jar:?]
	at bootcamp.ContractTests.lambda$tokenContractRequiresTheTransactionsOutputToHaveAPositiveAmount$9(ContractTests.java:123) ~[test/:?]
	at net.corda.testing.node.NodeTestUtils$transaction$1.invoke(NodeTestUtils.kt:54) ~[corda-node-driver-4.0.jar:?]
	at net.corda.testing.node.NodeTestUtils$transaction$1.invoke(NodeTestUtils.kt) ~[corda-node-driver-4.0.jar:?]
	at net.corda.testing.node.NodeTestUtils$ledger$2.invoke(NodeTestUtils.kt:39) ~[corda-node-driver-4.0.jar:?]
	at net.corda.testing.node.NodeTestUtils$ledger$2.invoke(NodeTestUtils.kt) ~[corda-node-driver-4.0.jar:?]
	at net.corda.testing.internal.InternalTestUtilsKt$withTestSerializationEnvIfNotSet$1.invoke(InternalTestUtils.kt:214) ~[corda-test-utils-4.0.jar:?]
	at net.corda.testing.internal.InternalTestUtilsKt$withTestSerializationEnvIfNotSet$1.invoke(InternalTestUtils.kt) ~[corda-test-utils-4.0.jar:?]
	at net.corda.testing.common.internal.CommonSerializationTestHelpersKt.asContextEnv(CommonSerializationTestHelpers.kt:11) ~[corda-test-common-4.0.jar:?]
	at net.corda.testing.internal.InternalSerializationTestHelpersKt.asTestContextEnv(InternalSerializationTestHelpers.kt:33) ~[corda-test-utils-4.0.jar:?]
	at net.corda.testing.internal.InternalSerializationTestHelpersKt.asTestContextEnv$default(InternalSerializationTestHelpers.kt:31) ~[corda-test-utils-4.0.jar:?]
	at net.corda.testing.internal.InternalTestUtilsKt.withTestSerializationEnvIfNotSet(InternalTestUtils.kt:214) ~[corda-test-utils-4.0.jar:?]
	at net.corda.testing.node.NodeTestUtils.ledger(NodeTestUtils.kt:36) ~[corda-node-driver-4.0.jar:?]
	at net.corda.testing.node.NodeTestUtils.transaction(NodeTestUtils.kt:53) ~[corda-node-driver-4.0.jar:?]
	at net.corda.testing.node.NodeTestUtils.transaction$default(NodeTestUtils.kt:51) ~[corda-node-driver-4.0.jar:?]
	at net.corda.testing.node.NodeTestUtils.transaction(NodeTestUtils.kt) ~[corda-node-driver-4.0.jar:?]
	at bootcamp.ContractTests.tokenContractRequiresTheTransactionsOutputToHaveAPositiveAmount(ContractTests.java:119) ~[test/:?]
	at sun.reflect.NativeMethodAccessorImpl.invoke0(Native Method) ~[?:1.8.0_121]
	at sun.reflect.NativeMethodAccessorImpl.invoke(NativeMethodAccessorImpl.java:62) ~[?:1.8.0_121]
	at sun.reflect.DelegatingMethodAccessorImpl.invoke(DelegatingMethodAccessorImpl.java:43) ~[?:1.8.0_121]
	at java.lang.reflect.Method.invoke(Method.java:498) ~[?:1.8.0_121]
	at org.junit.runners.model.FrameworkMethod$1.runReflectiveCall(FrameworkMethod.java:50) ~[junit-4.12.jar:4.12]
	at org.junit.internal.runners.model.ReflectiveCallable.run(ReflectiveCallable.java:12) ~[junit-4.12.jar:4.12]
	at org.junit.runners.model.FrameworkMethod.invokeExplosively(FrameworkMethod.java:47) ~[junit-4.12.jar:4.12]
	at org.junit.internal.runners.statements.InvokeMethod.evaluate(InvokeMethod.java:17) ~[junit-4.12.jar:4.12]
	at org.junit.runners.ParentRunner.runLeaf(ParentRunner.java:325) ~[junit-4.12.jar:4.12]
	at org.junit.runners.BlockJUnit4ClassRunner.runChild(BlockJUnit4ClassRunner.java:78) ~[junit-4.12.jar:4.12]
	at org.junit.runners.BlockJUnit4ClassRunner.runChild(BlockJUnit4ClassRunner.java:57) ~[junit-4.12.jar:4.12]
	at org.junit.runners.ParentRunner$3.run(ParentRunner.java:290) ~[junit-4.12.jar:4.12]
	at org.junit.runners.ParentRunner$1.schedule(ParentRunner.java:71) ~[junit-4.12.jar:4.12]
	at org.junit.runners.ParentRunner.runChildren(ParentRunner.java:288) ~[junit-4.12.jar:4.12]
	at org.junit.runners.ParentRunner.access$000(ParentRunner.java:58) ~[junit-4.12.jar:4.12]
	at org.junit.runners.ParentRunner$2.evaluate(ParentRunner.java:268) ~[junit-4.12.jar:4.12]
	at org.junit.runners.ParentRunner.run(ParentRunner.java:363) ~[junit-4.12.jar:4.12]
	at org.junit.runner.JUnitCore.run(JUnitCore.java:137) ~[junit-4.12.jar:4.12]
	at com.intellij.junit4.JUnit4IdeaTestRunner.startRunnerWithArgs(JUnit4IdeaTestRunner.java:68) ~[junit-rt.jar:?]
	at com.intellij.rt.execution.junit.IdeaTestRunner$Repeater.startRunnerWithArgs(IdeaTestRunner.java:47) ~[junit-rt.jar:?]
	at com.intellij.rt.execution.junit.JUnitStarter.prepareStreamsAndStart(JUnitStarter.java:242) ~[junit-rt.jar:?]
	at com.intellij.rt.execution.junit.JUnitStarter.main(JUnitStarter.java:70) ~[junit-rt.jar:?]
[WARN ] 2019-07-13T18:23:41,650Z [main] contracts.TransactionState.<init> - State class bootcamp.TokenState is not annotated with @BelongsToContract, and does not have an enclosing class which implements Contract. Annotate TokenState with @BelongsToContract(bootcamp.TokenContract.class) to remove this warning. {}
[WARN ] 2019-07-13T18:23:41,674Z [main] contracts.TransactionState.<init> - State class bootcamp.TokenState is not annotated with @BelongsToContract, and does not have an enclosing class which implements Contract. Annotate TokenState with @BelongsToContract(bootcamp.TokenContract.class) to remove this warning. {}
[WARN ] 2019-07-13T18:23:42,995Z [main] contracts.TransactionState.<init> - State class bootcamp.TokenState is not annotated with @BelongsToContract, and does not have an enclosing class which implements Contract. Annotate TokenState with @BelongsToContract(bootcamp.TokenContract.class) to remove this warning. {}
[WARN ] 2019-07-13T18:23:43,022Z [main] contracts.TransactionState.<init> - State class bootcamp.TokenState is not annotated with @BelongsToContract, and does not have an enclosing class which implements Contract. Annotate TokenState with @BelongsToContract(bootcamp.TokenContract.class) to remove this warning. {}
[WARN ] 2019-07-13T18:23:43,117Z [main] contracts.TransactionState.<init> - State class bootcamp.TokenState is not annotated with @BelongsToContract, and does not have an enclosing class which implements Contract. Annotate TokenState with @BelongsToContract(bootcamp.TokenContract.class) to remove this warning. {}
[WARN ] 2019-07-13T18:23:43,156Z [main] contracts.TransactionState.<init> - State class bootcamp.TokenState is not annotated with @BelongsToContract, and does not have an enclosing class which implements Contract. Annotate TokenState with @BelongsToContract(bootcamp.TokenContract.class) to remove this warning. {}
[WARN ] 2019-07-13T18:23:44,721Z [main] contracts.TransactionState.<init> - State class bootcamp.TokenState is not annotated with @BelongsToContract, and does not have an enclosing class which implements Contract. Annotate TokenState with @BelongsToContract(bootcamp.TokenContract.class) to remove this warning. {}
[WARN ] 2019-07-13T18:23:44,727Z [main] contracts.TransactionState.<init> - State class bootcamp.TokenState is not annotated with @BelongsToContract, and does not have an enclosing class which implements Contract. Annotate TokenState with @BelongsToContract(bootcamp.TokenContract.class) to remove this warning. {}
[INFO ] 2019-07-13T18:24:07,002Z [main] cordapp.JarScanningCordappLoader.<init> - Loading CorDapps from RestrictedURL(url=file:/Users/Matt/Documents/bootcamp-cordapp/build/generated-custom-cordapps/20190713-182406.068/custom-cordapp_1_4_fd9d11a4-e88b-44cc-be89-1a40fad00883.jar, rootPackageName=null) {}
[INFO ] 2019-07-13T18:24:07,059Z [main] cordapp.JarScanningCordappLoader.scanCordapp - Scanning CorDapp in file:/Users/Matt/Documents/bootcamp-cordapp/build/generated-custom-cordapps/20190713-182406.068/custom-cordapp_1_4_fd9d11a4-e88b-44cc-be89-1a40fad00883.jar {}
[INFO ] 2019-07-13T18:24:07,186Z [main] cordapp.JarScanningCordappLoader.findNotaryService - Found notary service CorDapp implementations:  {}
[WARN ] 2019-07-13T18:24:09,078Z [main] contracts.TransactionState.<init> - State class bootcamp.TokenState is not annotated with @BelongsToContract, and does not have an enclosing class which implements Contract. Annotate TokenState with @BelongsToContract(bootcamp.TokenContract.class) to remove this warning. {}
[WARN ] 2019-07-13T18:24:09,150Z [main] contracts.TransactionState.<init> - State class bootcamp.TokenState is not annotated with @BelongsToContract, and does not have an enclosing class which implements Contract. Annotate TokenState with @BelongsToContract(bootcamp.TokenContract.class) to remove this warning. {}
[WARN ] 2019-07-13T18:24:11,232Z [main] contracts.TransactionState.<init> - State class bootcamp.TokenState is not annotated with @BelongsToContract, and does not have an enclosing class which implements Contract. Annotate TokenState with @BelongsToContract(bootcamp.TokenContract.class) to remove this warning. {}
[ERROR] 2019-07-13T18:24:11,264Z [main] internal.Verifier.verifyContracts - Error validating transaction A4CBE3D3CFE3952CE46F9ADEC7353A1C4A31F8EF7945E1F3D203D09CEA1FE3C4. [errorCode=gtgacr, moreInformationAt=https://errors.corda.net/OS/4.0/gtgacr] {}
java.lang.IllegalArgumentException: Command must be the Issue command
	at bootcamp.TokenContract.verify(TokenContract.java:44) ~[main/:?]
	at net.corda.core.internal.Verifier.verifyContracts(TransactionVerifierServiceInternal.kt:377) ~[corda-core-4.0.jar:?]
	at net.corda.core.internal.Verifier.verify(TransactionVerifierServiceInternal.kt:71) ~[corda-core-4.0.jar:?]
	at net.corda.core.transactions.LedgerTransaction.verify(LedgerTransaction.kt:125) ~[corda-core-4.0.jar:?]
	at net.corda.core.transactions.TransactionBuilder.addMissingDependency(TransactionBuilder.kt:173) ~[corda-core-4.0.jar:?]
	at net.corda.core.transactions.TransactionBuilder.toWireTransactionWithContext$core(TransactionBuilder.kt:160) ~[corda-core-4.0.jar:?]
	at net.corda.core.transactions.TransactionBuilder.toWireTransactionWithContext$core$default(TransactionBuilder.kt:128) ~[corda-core-4.0.jar:?]
	at net.corda.core.transactions.TransactionBuilder.toWireTransaction(TransactionBuilder.kt:125) ~[corda-core-4.0.jar:?]
	at net.corda.testing.dsl.TestTransactionDSLInterpreter.toWireTransaction$test_utils(TestDSL.kt:95) ~[corda-test-utils-4.0.jar:?]
	at net.corda.testing.dsl.TestTransactionDSLInterpreter.verifies(TestDSL.kt:139) ~[corda-test-utils-4.0.jar:?]
	at net.corda.testing.dsl.Verifies$DefaultImpls.failsWith(LedgerDSLInterpreter.kt:45) ~[corda-test-utils-4.0.jar:?]
	at net.corda.testing.dsl.TransactionDSLInterpreter$DefaultImpls.failsWith(TransactionDSLInterpreter.kt) ~[corda-test-utils-4.0.jar:?]
	at net.corda.testing.dsl.TestTransactionDSLInterpreter.failsWith(TestDSL.kt:69) ~[corda-test-utils-4.0.jar:?]
	at net.corda.testing.dsl.Verifies$DefaultImpls.fails(LedgerDSLInterpreter.kt:75) ~[corda-test-utils-4.0.jar:?]
	at net.corda.testing.dsl.TransactionDSLInterpreter$DefaultImpls.fails(TransactionDSLInterpreter.kt) ~[corda-test-utils-4.0.jar:?]
	at net.corda.testing.dsl.TestTransactionDSLInterpreter.fails(TestDSL.kt:69) ~[corda-test-utils-4.0.jar:?]
	at net.corda.testing.dsl.TransactionDSL.fails(TransactionDSLInterpreter.kt) ~[corda-test-utils-4.0.jar:?]
	at bootcamp.ContractTests.lambda$tokenContractRequiresTheTransactionsCommandToBeAnIssueCommand$12(ContractTests.java:150) ~[test/:?]
	at net.corda.testing.node.NodeTestUtils$transaction$1.invoke(NodeTestUtils.kt:54) ~[corda-node-driver-4.0.jar:?]
	at net.corda.testing.node.NodeTestUtils$transaction$1.invoke(NodeTestUtils.kt) ~[corda-node-driver-4.0.jar:?]
	at net.corda.testing.node.NodeTestUtils$ledger$2.invoke(NodeTestUtils.kt:39) ~[corda-node-driver-4.0.jar:?]
	at net.corda.testing.node.NodeTestUtils$ledger$2.invoke(NodeTestUtils.kt) ~[corda-node-driver-4.0.jar:?]
	at net.corda.testing.internal.InternalTestUtilsKt$withTestSerializationEnvIfNotSet$1.invoke(InternalTestUtils.kt:214) ~[corda-test-utils-4.0.jar:?]
	at net.corda.testing.internal.InternalTestUtilsKt$withTestSerializationEnvIfNotSet$1.invoke(InternalTestUtils.kt) ~[corda-test-utils-4.0.jar:?]
	at net.corda.testing.common.internal.CommonSerializationTestHelpersKt.asContextEnv(CommonSerializationTestHelpers.kt:11) ~[corda-test-common-4.0.jar:?]
	at net.corda.testing.internal.InternalSerializationTestHelpersKt.asTestContextEnv(InternalSerializationTestHelpers.kt:33) ~[corda-test-utils-4.0.jar:?]
	at net.corda.testing.internal.InternalSerializationTestHelpersKt.asTestContextEnv$default(InternalSerializationTestHelpers.kt:31) ~[corda-test-utils-4.0.jar:?]
	at net.corda.testing.internal.InternalTestUtilsKt.withTestSerializationEnvIfNotSet(InternalTestUtils.kt:214) ~[corda-test-utils-4.0.jar:?]
	at net.corda.testing.node.NodeTestUtils.ledger(NodeTestUtils.kt:36) ~[corda-node-driver-4.0.jar:?]
	at net.corda.testing.node.NodeTestUtils.transaction(NodeTestUtils.kt:53) ~[corda-node-driver-4.0.jar:?]
	at net.corda.testing.node.NodeTestUtils.transaction$default(NodeTestUtils.kt:51) ~[corda-node-driver-4.0.jar:?]
	at net.corda.testing.node.NodeTestUtils.transaction(NodeTestUtils.kt) ~[corda-node-driver-4.0.jar:?]
	at bootcamp.ContractTests.tokenContractRequiresTheTransactionsCommandToBeAnIssueCommand(ContractTests.java:146) ~[test/:?]
	at sun.reflect.NativeMethodAccessorImpl.invoke0(Native Method) ~[?:1.8.0_121]
	at sun.reflect.NativeMethodAccessorImpl.invoke(NativeMethodAccessorImpl.java:62) ~[?:1.8.0_121]
	at sun.reflect.DelegatingMethodAccessorImpl.invoke(DelegatingMethodAccessorImpl.java:43) ~[?:1.8.0_121]
	at java.lang.reflect.Method.invoke(Method.java:498) ~[?:1.8.0_121]
	at org.junit.runners.model.FrameworkMethod$1.runReflectiveCall(FrameworkMethod.java:50) ~[junit-4.12.jar:4.12]
	at org.junit.internal.runners.model.ReflectiveCallable.run(ReflectiveCallable.java:12) ~[junit-4.12.jar:4.12]
	at org.junit.runners.model.FrameworkMethod.invokeExplosively(FrameworkMethod.java:47) ~[junit-4.12.jar:4.12]
	at org.junit.internal.runners.statements.InvokeMethod.evaluate(InvokeMethod.java:17) ~[junit-4.12.jar:4.12]
	at org.junit.runners.ParentRunner.runLeaf(ParentRunner.java:325) ~[junit-4.12.jar:4.12]
	at org.junit.runners.BlockJUnit4ClassRunner.runChild(BlockJUnit4ClassRunner.java:78) ~[junit-4.12.jar:4.12]
	at org.junit.runners.BlockJUnit4ClassRunner.runChild(BlockJUnit4ClassRunner.java:57) ~[junit-4.12.jar:4.12]
	at org.junit.runners.ParentRunner$3.run(ParentRunner.java:290) ~[junit-4.12.jar:4.12]
	at org.junit.runners.ParentRunner$1.schedule(ParentRunner.java:71) ~[junit-4.12.jar:4.12]
	at org.junit.runners.ParentRunner.runChildren(ParentRunner.java:288) ~[junit-4.12.jar:4.12]
	at org.junit.runners.ParentRunner.access$000(ParentRunner.java:58) ~[junit-4.12.jar:4.12]
	at org.junit.runners.ParentRunner$2.evaluate(ParentRunner.java:268) ~[junit-4.12.jar:4.12]
	at org.junit.runners.ParentRunner.run(ParentRunner.java:363) ~[junit-4.12.jar:4.12]
	at org.junit.runner.JUnitCore.run(JUnitCore.java:137) ~[junit-4.12.jar:4.12]
	at com.intellij.junit4.JUnit4IdeaTestRunner.startRunnerWithArgs(JUnit4IdeaTestRunner.java:68) ~[junit-rt.jar:?]
	at com.intellij.rt.execution.junit.IdeaTestRunner$Repeater.startRunnerWithArgs(IdeaTestRunner.java:47) ~[junit-rt.jar:?]
	at com.intellij.rt.execution.junit.JUnitStarter.prepareStreamsAndStart(JUnitStarter.java:242) ~[junit-rt.jar:?]
	at com.intellij.rt.execution.junit.JUnitStarter.main(JUnitStarter.java:70) ~[junit-rt.jar:?]
[WARN ] 2019-07-13T18:24:11,273Z [main] contracts.TransactionState.<init> - State class bootcamp.TokenState is not annotated with @BelongsToContract, and does not have an enclosing class which implements Contract. Annotate TokenState with @BelongsToContract(bootcamp.TokenContract.class) to remove this warning. {}
[ERROR] 2019-07-13T18:24:11,274Z [main] internal.Verifier.verifyContracts - Error validating transaction A4CBE3D3CFE3952CE46F9ADEC7353A1C4A31F8EF7945E1F3D203D09CEA1FE3C4. [errorCode=gtgacr, moreInformationAt=https://errors.corda.net/OS/4.0/gtgacr] {}
java.lang.IllegalArgumentException: Command must be the Issue command
	at bootcamp.TokenContract.verify(TokenContract.java:44) ~[main/:?]
	at net.corda.core.internal.Verifier.verifyContracts(TransactionVerifierServiceInternal.kt:377) ~[corda-core-4.0.jar:?]
	at net.corda.core.internal.Verifier.verify(TransactionVerifierServiceInternal.kt:71) ~[corda-core-4.0.jar:?]
	at net.corda.core.transactions.LedgerTransaction.verify(LedgerTransaction.kt:125) ~[corda-core-4.0.jar:?]
	at net.corda.testing.dsl.TestTransactionDSLInterpreter.verifies(TestDSL.kt:139) ~[corda-test-utils-4.0.jar:?]
	at net.corda.testing.dsl.Verifies$DefaultImpls.failsWith(LedgerDSLInterpreter.kt:45) ~[corda-test-utils-4.0.jar:?]
	at net.corda.testing.dsl.TransactionDSLInterpreter$DefaultImpls.failsWith(TransactionDSLInterpreter.kt) ~[corda-test-utils-4.0.jar:?]
	at net.corda.testing.dsl.TestTransactionDSLInterpreter.failsWith(TestDSL.kt:69) ~[corda-test-utils-4.0.jar:?]
	at net.corda.testing.dsl.Verifies$DefaultImpls.fails(LedgerDSLInterpreter.kt:75) ~[corda-test-utils-4.0.jar:?]
	at net.corda.testing.dsl.TransactionDSLInterpreter$DefaultImpls.fails(TransactionDSLInterpreter.kt) ~[corda-test-utils-4.0.jar:?]
	at net.corda.testing.dsl.TestTransactionDSLInterpreter.fails(TestDSL.kt:69) ~[corda-test-utils-4.0.jar:?]
	at net.corda.testing.dsl.TransactionDSL.fails(TransactionDSLInterpreter.kt) ~[corda-test-utils-4.0.jar:?]
	at bootcamp.ContractTests.lambda$tokenContractRequiresTheTransactionsCommandToBeAnIssueCommand$12(ContractTests.java:150) ~[test/:?]
	at net.corda.testing.node.NodeTestUtils$transaction$1.invoke(NodeTestUtils.kt:54) ~[corda-node-driver-4.0.jar:?]
	at net.corda.testing.node.NodeTestUtils$transaction$1.invoke(NodeTestUtils.kt) ~[corda-node-driver-4.0.jar:?]
	at net.corda.testing.node.NodeTestUtils$ledger$2.invoke(NodeTestUtils.kt:39) ~[corda-node-driver-4.0.jar:?]
	at net.corda.testing.node.NodeTestUtils$ledger$2.invoke(NodeTestUtils.kt) ~[corda-node-driver-4.0.jar:?]
	at net.corda.testing.internal.InternalTestUtilsKt$withTestSerializationEnvIfNotSet$1.invoke(InternalTestUtils.kt:214) ~[corda-test-utils-4.0.jar:?]
	at net.corda.testing.internal.InternalTestUtilsKt$withTestSerializationEnvIfNotSet$1.invoke(InternalTestUtils.kt) ~[corda-test-utils-4.0.jar:?]
	at net.corda.testing.common.internal.CommonSerializationTestHelpersKt.asContextEnv(CommonSerializationTestHelpers.kt:11) ~[corda-test-common-4.0.jar:?]
	at net.corda.testing.internal.InternalSerializationTestHelpersKt.asTestContextEnv(InternalSerializationTestHelpers.kt:33) ~[corda-test-utils-4.0.jar:?]
	at net.corda.testing.internal.InternalSerializationTestHelpersKt.asTestContextEnv$default(InternalSerializationTestHelpers.kt:31) ~[corda-test-utils-4.0.jar:?]
	at net.corda.testing.internal.InternalTestUtilsKt.withTestSerializationEnvIfNotSet(InternalTestUtils.kt:214) ~[corda-test-utils-4.0.jar:?]
	at net.corda.testing.node.NodeTestUtils.ledger(NodeTestUtils.kt:36) ~[corda-node-driver-4.0.jar:?]
	at net.corda.testing.node.NodeTestUtils.transaction(NodeTestUtils.kt:53) ~[corda-node-driver-4.0.jar:?]
	at net.corda.testing.node.NodeTestUtils.transaction$default(NodeTestUtils.kt:51) ~[corda-node-driver-4.0.jar:?]
	at net.corda.testing.node.NodeTestUtils.transaction(NodeTestUtils.kt) ~[corda-node-driver-4.0.jar:?]
	at bootcamp.ContractTests.tokenContractRequiresTheTransactionsCommandToBeAnIssueCommand(ContractTests.java:146) ~[test/:?]
	at sun.reflect.NativeMethodAccessorImpl.invoke0(Native Method) ~[?:1.8.0_121]
	at sun.reflect.NativeMethodAccessorImpl.invoke(NativeMethodAccessorImpl.java:62) ~[?:1.8.0_121]
	at sun.reflect.DelegatingMethodAccessorImpl.invoke(DelegatingMethodAccessorImpl.java:43) ~[?:1.8.0_121]
	at java.lang.reflect.Method.invoke(Method.java:498) ~[?:1.8.0_121]
	at org.junit.runners.model.FrameworkMethod$1.runReflectiveCall(FrameworkMethod.java:50) ~[junit-4.12.jar:4.12]
	at org.junit.internal.runners.model.ReflectiveCallable.run(ReflectiveCallable.java:12) ~[junit-4.12.jar:4.12]
	at org.junit.runners.model.FrameworkMethod.invokeExplosively(FrameworkMethod.java:47) ~[junit-4.12.jar:4.12]
	at org.junit.internal.runners.statements.InvokeMethod.evaluate(InvokeMethod.java:17) ~[junit-4.12.jar:4.12]
	at org.junit.runners.ParentRunner.runLeaf(ParentRunner.java:325) ~[junit-4.12.jar:4.12]
	at org.junit.runners.BlockJUnit4ClassRunner.runChild(BlockJUnit4ClassRunner.java:78) ~[junit-4.12.jar:4.12]
	at org.junit.runners.BlockJUnit4ClassRunner.runChild(BlockJUnit4ClassRunner.java:57) ~[junit-4.12.jar:4.12]
	at org.junit.runners.ParentRunner$3.run(ParentRunner.java:290) ~[junit-4.12.jar:4.12]
	at org.junit.runners.ParentRunner$1.schedule(ParentRunner.java:71) ~[junit-4.12.jar:4.12]
	at org.junit.runners.ParentRunner.runChildren(ParentRunner.java:288) ~[junit-4.12.jar:4.12]
	at org.junit.runners.ParentRunner.access$000(ParentRunner.java:58) ~[junit-4.12.jar:4.12]
	at org.junit.runners.ParentRunner$2.evaluate(ParentRunner.java:268) ~[junit-4.12.jar:4.12]
	at org.junit.runners.ParentRunner.run(ParentRunner.java:363) ~[junit-4.12.jar:4.12]
	at org.junit.runner.JUnitCore.run(JUnitCore.java:137) ~[junit-4.12.jar:4.12]
	at com.intellij.junit4.JUnit4IdeaTestRunner.startRunnerWithArgs(JUnit4IdeaTestRunner.java:68) ~[junit-rt.jar:?]
	at com.intellij.rt.execution.junit.IdeaTestRunner$Repeater.startRunnerWithArgs(IdeaTestRunner.java:47) ~[junit-rt.jar:?]
	at com.intellij.rt.execution.junit.JUnitStarter.prepareStreamsAndStart(JUnitStarter.java:242) ~[junit-rt.jar:?]
	at com.intellij.rt.execution.junit.JUnitStarter.main(JUnitStarter.java:70) ~[junit-rt.jar:?]
[WARN ] 2019-07-13T18:24:11,343Z [main] contracts.TransactionState.<init> - State class bootcamp.TokenState is not annotated with @BelongsToContract, and does not have an enclosing class which implements Contract. Annotate TokenState with @BelongsToContract(bootcamp.TokenContract.class) to remove this warning. {}
[WARN ] 2019-07-13T18:24:11,370Z [main] contracts.TransactionState.<init> - State class bootcamp.TokenState is not annotated with @BelongsToContract, and does not have an enclosing class which implements Contract. Annotate TokenState with @BelongsToContract(bootcamp.TokenContract.class) to remove this warning. {}
[WARN ] 2019-07-13T18:24:13,981Z [main] contracts.TransactionState.<init> - State class bootcamp.TokenState is not annotated with @BelongsToContract, and does not have an enclosing class which implements Contract. Annotate TokenState with @BelongsToContract(bootcamp.TokenContract.class) to remove this warning. {}
[WARN ] 2019-07-13T18:24:13,990Z [main] contracts.TransactionState.<init> - State class bootcamp.TokenState is not annotated with @BelongsToContract, and does not have an enclosing class which implements Contract. Annotate TokenState with @BelongsToContract(bootcamp.TokenContract.class) to remove this warning. {}
[INFO ] 2019-07-13T18:24:27,748Z [main] cordapp.JarScanningCordappLoader.<init> - Loading CorDapps from RestrictedURL(url=file:/Users/Matt/Documents/bootcamp-cordapp/build/generated-custom-cordapps/20190713-182426.578/custom-cordapp_1_4_ca422233-8571-493c-9d2d-cbfb3f582971.jar, rootPackageName=null) {}
[INFO ] 2019-07-13T18:24:27,801Z [main] cordapp.JarScanningCordappLoader.scanCordapp - Scanning CorDapp in file:/Users/Matt/Documents/bootcamp-cordapp/build/generated-custom-cordapps/20190713-182426.578/custom-cordapp_1_4_ca422233-8571-493c-9d2d-cbfb3f582971.jar {}
[INFO ] 2019-07-13T18:24:27,948Z [main] cordapp.JarScanningCordappLoader.findNotaryService - Found notary service CorDapp implementations:  {}
[WARN ] 2019-07-13T18:24:30,569Z [main] contracts.TransactionState.<init> - State class bootcamp.TokenState is not annotated with @BelongsToContract, and does not have an enclosing class which implements Contract. Annotate TokenState with @BelongsToContract(bootcamp.TokenContract.class) to remove this warning. {}
[WARN ] 2019-07-13T18:24:30,637Z [main] contracts.TransactionState.<init> - State class bootcamp.TokenState is not annotated with @BelongsToContract, and does not have an enclosing class which implements Contract. Annotate TokenState with @BelongsToContract(bootcamp.TokenContract.class) to remove this warning. {}
[WARN ] 2019-07-13T18:24:32,755Z [main] contracts.TransactionState.<init> - State class bootcamp.TokenState is not annotated with @BelongsToContract, and does not have an enclosing class which implements Contract. Annotate TokenState with @BelongsToContract(bootcamp.TokenContract.class) to remove this warning. {}
[ERROR] 2019-07-13T18:24:32,789Z [main] internal.Verifier.verifyContracts - Error validating transaction F42D1EE7920E4858B4415B1AD400C566EEF5B097576E0ABB507A1473AEBA1F16. [errorCode=gtgacr, moreInformationAt=https://errors.corda.net/OS/4.0/gtgacr] {}
java.lang.IllegalArgumentException: Issuer of the tokens must sign registration
	at bootcamp.TokenContract.verify(TokenContract.java:68) ~[main/:?]
	at net.corda.core.internal.Verifier.verifyContracts(TransactionVerifierServiceInternal.kt:377) ~[corda-core-4.0.jar:?]
	at net.corda.core.internal.Verifier.verify(TransactionVerifierServiceInternal.kt:71) ~[corda-core-4.0.jar:?]
	at net.corda.core.transactions.LedgerTransaction.verify(LedgerTransaction.kt:125) ~[corda-core-4.0.jar:?]
	at net.corda.core.transactions.TransactionBuilder.addMissingDependency(TransactionBuilder.kt:173) ~[corda-core-4.0.jar:?]
	at net.corda.core.transactions.TransactionBuilder.toWireTransactionWithContext$core(TransactionBuilder.kt:160) ~[corda-core-4.0.jar:?]
	at net.corda.core.transactions.TransactionBuilder.toWireTransactionWithContext$core$default(TransactionBuilder.kt:128) ~[corda-core-4.0.jar:?]
	at net.corda.core.transactions.TransactionBuilder.toWireTransaction(TransactionBuilder.kt:125) ~[corda-core-4.0.jar:?]
	at net.corda.testing.dsl.TestTransactionDSLInterpreter.toWireTransaction$test_utils(TestDSL.kt:95) ~[corda-test-utils-4.0.jar:?]
	at net.corda.testing.dsl.TestTransactionDSLInterpreter.verifies(TestDSL.kt:139) ~[corda-test-utils-4.0.jar:?]
	at net.corda.testing.dsl.Verifies$DefaultImpls.failsWith(LedgerDSLInterpreter.kt:45) ~[corda-test-utils-4.0.jar:?]
	at net.corda.testing.dsl.TransactionDSLInterpreter$DefaultImpls.failsWith(TransactionDSLInterpreter.kt) ~[corda-test-utils-4.0.jar:?]
	at net.corda.testing.dsl.TestTransactionDSLInterpreter.failsWith(TestDSL.kt:69) ~[corda-test-utils-4.0.jar:?]
	at net.corda.testing.dsl.Verifies$DefaultImpls.fails(LedgerDSLInterpreter.kt:75) ~[corda-test-utils-4.0.jar:?]
	at net.corda.testing.dsl.TransactionDSLInterpreter$DefaultImpls.fails(TransactionDSLInterpreter.kt) ~[corda-test-utils-4.0.jar:?]
	at net.corda.testing.dsl.TestTransactionDSLInterpreter.fails(TestDSL.kt:69) ~[corda-test-utils-4.0.jar:?]
	at net.corda.testing.dsl.TransactionDSL.fails(TransactionDSLInterpreter.kt) ~[corda-test-utils-4.0.jar:?]
	at bootcamp.ContractTests.lambda$tokenContractRequiresTheIssuerToBeARequiredSignerInTheTransaction$14(ContractTests.java:171) ~[test/:?]
	at net.corda.testing.node.NodeTestUtils$transaction$1.invoke(NodeTestUtils.kt:54) ~[corda-node-driver-4.0.jar:?]
	at net.corda.testing.node.NodeTestUtils$transaction$1.invoke(NodeTestUtils.kt) ~[corda-node-driver-4.0.jar:?]
	at net.corda.testing.node.NodeTestUtils$ledger$2.invoke(NodeTestUtils.kt:39) ~[corda-node-driver-4.0.jar:?]
	at net.corda.testing.node.NodeTestUtils$ledger$2.invoke(NodeTestUtils.kt) ~[corda-node-driver-4.0.jar:?]
	at net.corda.testing.internal.InternalTestUtilsKt$withTestSerializationEnvIfNotSet$1.invoke(InternalTestUtils.kt:214) ~[corda-test-utils-4.0.jar:?]
	at net.corda.testing.internal.InternalTestUtilsKt$withTestSerializationEnvIfNotSet$1.invoke(InternalTestUtils.kt) ~[corda-test-utils-4.0.jar:?]
	at net.corda.testing.common.internal.CommonSerializationTestHelpersKt.asContextEnv(CommonSerializationTestHelpers.kt:11) ~[corda-test-common-4.0.jar:?]
	at net.corda.testing.internal.InternalSerializationTestHelpersKt.asTestContextEnv(InternalSerializationTestHelpers.kt:33) ~[corda-test-utils-4.0.jar:?]
	at net.corda.testing.internal.InternalSerializationTestHelpersKt.asTestContextEnv$default(InternalSerializationTestHelpers.kt:31) ~[corda-test-utils-4.0.jar:?]
	at net.corda.testing.internal.InternalTestUtilsKt.withTestSerializationEnvIfNotSet(InternalTestUtils.kt:214) ~[corda-test-utils-4.0.jar:?]
	at net.corda.testing.node.NodeTestUtils.ledger(NodeTestUtils.kt:36) ~[corda-node-driver-4.0.jar:?]
	at net.corda.testing.node.NodeTestUtils.transaction(NodeTestUtils.kt:53) ~[corda-node-driver-4.0.jar:?]
	at net.corda.testing.node.NodeTestUtils.transaction$default(NodeTestUtils.kt:51) ~[corda-node-driver-4.0.jar:?]
	at net.corda.testing.node.NodeTestUtils.transaction(NodeTestUtils.kt) ~[corda-node-driver-4.0.jar:?]
	at bootcamp.ContractTests.tokenContractRequiresTheIssuerToBeARequiredSignerInTheTransaction(ContractTests.java:167) ~[test/:?]
	at sun.reflect.NativeMethodAccessorImpl.invoke0(Native Method) ~[?:1.8.0_121]
	at sun.reflect.NativeMethodAccessorImpl.invoke(NativeMethodAccessorImpl.java:62) ~[?:1.8.0_121]
	at sun.reflect.DelegatingMethodAccessorImpl.invoke(DelegatingMethodAccessorImpl.java:43) ~[?:1.8.0_121]
	at java.lang.reflect.Method.invoke(Method.java:498) ~[?:1.8.0_121]
	at org.junit.runners.model.FrameworkMethod$1.runReflectiveCall(FrameworkMethod.java:50) ~[junit-4.12.jar:4.12]
	at org.junit.internal.runners.model.ReflectiveCallable.run(ReflectiveCallable.java:12) ~[junit-4.12.jar:4.12]
	at org.junit.runners.model.FrameworkMethod.invokeExplosively(FrameworkMethod.java:47) ~[junit-4.12.jar:4.12]
	at org.junit.internal.runners.statements.InvokeMethod.evaluate(InvokeMethod.java:17) ~[junit-4.12.jar:4.12]
	at org.junit.runners.ParentRunner.runLeaf(ParentRunner.java:325) ~[junit-4.12.jar:4.12]
	at org.junit.runners.BlockJUnit4ClassRunner.runChild(BlockJUnit4ClassRunner.java:78) ~[junit-4.12.jar:4.12]
	at org.junit.runners.BlockJUnit4ClassRunner.runChild(BlockJUnit4ClassRunner.java:57) ~[junit-4.12.jar:4.12]
	at org.junit.runners.ParentRunner$3.run(ParentRunner.java:290) ~[junit-4.12.jar:4.12]
	at org.junit.runners.ParentRunner$1.schedule(ParentRunner.java:71) ~[junit-4.12.jar:4.12]
	at org.junit.runners.ParentRunner.runChildren(ParentRunner.java:288) ~[junit-4.12.jar:4.12]
	at org.junit.runners.ParentRunner.access$000(ParentRunner.java:58) ~[junit-4.12.jar:4.12]
	at org.junit.runners.ParentRunner$2.evaluate(ParentRunner.java:268) ~[junit-4.12.jar:4.12]
	at org.junit.runners.ParentRunner.run(ParentRunner.java:363) ~[junit-4.12.jar:4.12]
	at org.junit.runner.JUnitCore.run(JUnitCore.java:137) ~[junit-4.12.jar:4.12]
	at com.intellij.junit4.JUnit4IdeaTestRunner.startRunnerWithArgs(JUnit4IdeaTestRunner.java:68) ~[junit-rt.jar:?]
	at com.intellij.rt.execution.junit.IdeaTestRunner$Repeater.startRunnerWithArgs(IdeaTestRunner.java:47) ~[junit-rt.jar:?]
	at com.intellij.rt.execution.junit.JUnitStarter.prepareStreamsAndStart(JUnitStarter.java:242) ~[junit-rt.jar:?]
	at com.intellij.rt.execution.junit.JUnitStarter.main(JUnitStarter.java:70) ~[junit-rt.jar:?]
[WARN ] 2019-07-13T18:24:32,796Z [main] contracts.TransactionState.<init> - State class bootcamp.TokenState is not annotated with @BelongsToContract, and does not have an enclosing class which implements Contract. Annotate TokenState with @BelongsToContract(bootcamp.TokenContract.class) to remove this warning. {}
[ERROR] 2019-07-13T18:24:32,796Z [main] internal.Verifier.verifyContracts - Error validating transaction F42D1EE7920E4858B4415B1AD400C566EEF5B097576E0ABB507A1473AEBA1F16. [errorCode=gtgacr, moreInformationAt=https://errors.corda.net/OS/4.0/gtgacr] {}
java.lang.IllegalArgumentException: Issuer of the tokens must sign registration
	at bootcamp.TokenContract.verify(TokenContract.java:68) ~[main/:?]
	at net.corda.core.internal.Verifier.verifyContracts(TransactionVerifierServiceInternal.kt:377) ~[corda-core-4.0.jar:?]
	at net.corda.core.internal.Verifier.verify(TransactionVerifierServiceInternal.kt:71) ~[corda-core-4.0.jar:?]
	at net.corda.core.transactions.LedgerTransaction.verify(LedgerTransaction.kt:125) ~[corda-core-4.0.jar:?]
	at net.corda.testing.dsl.TestTransactionDSLInterpreter.verifies(TestDSL.kt:139) ~[corda-test-utils-4.0.jar:?]
	at net.corda.testing.dsl.Verifies$DefaultImpls.failsWith(LedgerDSLInterpreter.kt:45) ~[corda-test-utils-4.0.jar:?]
	at net.corda.testing.dsl.TransactionDSLInterpreter$DefaultImpls.failsWith(TransactionDSLInterpreter.kt) ~[corda-test-utils-4.0.jar:?]
	at net.corda.testing.dsl.TestTransactionDSLInterpreter.failsWith(TestDSL.kt:69) ~[corda-test-utils-4.0.jar:?]
	at net.corda.testing.dsl.Verifies$DefaultImpls.fails(LedgerDSLInterpreter.kt:75) ~[corda-test-utils-4.0.jar:?]
	at net.corda.testing.dsl.TransactionDSLInterpreter$DefaultImpls.fails(TransactionDSLInterpreter.kt) ~[corda-test-utils-4.0.jar:?]
	at net.corda.testing.dsl.TestTransactionDSLInterpreter.fails(TestDSL.kt:69) ~[corda-test-utils-4.0.jar:?]
	at net.corda.testing.dsl.TransactionDSL.fails(TransactionDSLInterpreter.kt) ~[corda-test-utils-4.0.jar:?]
	at bootcamp.ContractTests.lambda$tokenContractRequiresTheIssuerToBeARequiredSignerInTheTransaction$14(ContractTests.java:171) ~[test/:?]
	at net.corda.testing.node.NodeTestUtils$transaction$1.invoke(NodeTestUtils.kt:54) ~[corda-node-driver-4.0.jar:?]
	at net.corda.testing.node.NodeTestUtils$transaction$1.invoke(NodeTestUtils.kt) ~[corda-node-driver-4.0.jar:?]
	at net.corda.testing.node.NodeTestUtils$ledger$2.invoke(NodeTestUtils.kt:39) ~[corda-node-driver-4.0.jar:?]
	at net.corda.testing.node.NodeTestUtils$ledger$2.invoke(NodeTestUtils.kt) ~[corda-node-driver-4.0.jar:?]
	at net.corda.testing.internal.InternalTestUtilsKt$withTestSerializationEnvIfNotSet$1.invoke(InternalTestUtils.kt:214) ~[corda-test-utils-4.0.jar:?]
	at net.corda.testing.internal.InternalTestUtilsKt$withTestSerializationEnvIfNotSet$1.invoke(InternalTestUtils.kt) ~[corda-test-utils-4.0.jar:?]
	at net.corda.testing.common.internal.CommonSerializationTestHelpersKt.asContextEnv(CommonSerializationTestHelpers.kt:11) ~[corda-test-common-4.0.jar:?]
	at net.corda.testing.internal.InternalSerializationTestHelpersKt.asTestContextEnv(InternalSerializationTestHelpers.kt:33) ~[corda-test-utils-4.0.jar:?]
	at net.corda.testing.internal.InternalSerializationTestHelpersKt.asTestContextEnv$default(InternalSerializationTestHelpers.kt:31) ~[corda-test-utils-4.0.jar:?]
	at net.corda.testing.internal.InternalTestUtilsKt.withTestSerializationEnvIfNotSet(InternalTestUtils.kt:214) ~[corda-test-utils-4.0.jar:?]
	at net.corda.testing.node.NodeTestUtils.ledger(NodeTestUtils.kt:36) ~[corda-node-driver-4.0.jar:?]
	at net.corda.testing.node.NodeTestUtils.transaction(NodeTestUtils.kt:53) ~[corda-node-driver-4.0.jar:?]
	at net.corda.testing.node.NodeTestUtils.transaction$default(NodeTestUtils.kt:51) ~[corda-node-driver-4.0.jar:?]
	at net.corda.testing.node.NodeTestUtils.transaction(NodeTestUtils.kt) ~[corda-node-driver-4.0.jar:?]
	at bootcamp.ContractTests.tokenContractRequiresTheIssuerToBeARequiredSignerInTheTransaction(ContractTests.java:167) ~[test/:?]
	at sun.reflect.NativeMethodAccessorImpl.invoke0(Native Method) ~[?:1.8.0_121]
	at sun.reflect.NativeMethodAccessorImpl.invoke(NativeMethodAccessorImpl.java:62) ~[?:1.8.0_121]
	at sun.reflect.DelegatingMethodAccessorImpl.invoke(DelegatingMethodAccessorImpl.java:43) ~[?:1.8.0_121]
	at java.lang.reflect.Method.invoke(Method.java:498) ~[?:1.8.0_121]
	at org.junit.runners.model.FrameworkMethod$1.runReflectiveCall(FrameworkMethod.java:50) ~[junit-4.12.jar:4.12]
	at org.junit.internal.runners.model.ReflectiveCallable.run(ReflectiveCallable.java:12) ~[junit-4.12.jar:4.12]
	at org.junit.runners.model.FrameworkMethod.invokeExplosively(FrameworkMethod.java:47) ~[junit-4.12.jar:4.12]
	at org.junit.internal.runners.statements.InvokeMethod.evaluate(InvokeMethod.java:17) ~[junit-4.12.jar:4.12]
	at org.junit.runners.ParentRunner.runLeaf(ParentRunner.java:325) ~[junit-4.12.jar:4.12]
	at org.junit.runners.BlockJUnit4ClassRunner.runChild(BlockJUnit4ClassRunner.java:78) ~[junit-4.12.jar:4.12]
	at org.junit.runners.BlockJUnit4ClassRunner.runChild(BlockJUnit4ClassRunner.java:57) ~[junit-4.12.jar:4.12]
	at org.junit.runners.ParentRunner$3.run(ParentRunner.java:290) ~[junit-4.12.jar:4.12]
	at org.junit.runners.ParentRunner$1.schedule(ParentRunner.java:71) ~[junit-4.12.jar:4.12]
	at org.junit.runners.ParentRunner.runChildren(ParentRunner.java:288) ~[junit-4.12.jar:4.12]
	at org.junit.runners.ParentRunner.access$000(ParentRunner.java:58) ~[junit-4.12.jar:4.12]
	at org.junit.runners.ParentRunner$2.evaluate(ParentRunner.java:268) ~[junit-4.12.jar:4.12]
	at org.junit.runners.ParentRunner.run(ParentRunner.java:363) ~[junit-4.12.jar:4.12]
	at org.junit.runner.JUnitCore.run(JUnitCore.java:137) ~[junit-4.12.jar:4.12]
	at com.intellij.junit4.JUnit4IdeaTestRunner.startRunnerWithArgs(JUnit4IdeaTestRunner.java:68) ~[junit-rt.jar:?]
	at com.intellij.rt.execution.junit.IdeaTestRunner$Repeater.startRunnerWithArgs(IdeaTestRunner.java:47) ~[junit-rt.jar:?]
	at com.intellij.rt.execution.junit.JUnitStarter.prepareStreamsAndStart(JUnitStarter.java:242) ~[junit-rt.jar:?]
	at com.intellij.rt.execution.junit.JUnitStarter.main(JUnitStarter.java:70) ~[junit-rt.jar:?]
[WARN ] 2019-07-13T18:24:32,854Z [main] contracts.TransactionState.<init> - State class bootcamp.TokenState is not annotated with @BelongsToContract, and does not have an enclosing class which implements Contract. Annotate TokenState with @BelongsToContract(bootcamp.TokenContract.class) to remove this warning. {}
[WARN ] 2019-07-13T18:24:32,892Z [main] contracts.TransactionState.<init> - State class bootcamp.TokenState is not annotated with @BelongsToContract, and does not have an enclosing class which implements Contract. Annotate TokenState with @BelongsToContract(bootcamp.TokenContract.class) to remove this warning. {}
[WARN ] 2019-07-13T18:24:34,829Z [main] contracts.TransactionState.<init> - State class bootcamp.TokenState is not annotated with @BelongsToContract, and does not have an enclosing class which implements Contract. Annotate TokenState with @BelongsToContract(bootcamp.TokenContract.class) to remove this warning. {}
[ERROR] 2019-07-13T18:24:34,830Z [main] internal.Verifier.verifyContracts - Error validating transaction 80AF70ADED2218A8D8DEB1F9AF7B85637EBC1F369AE2EE5C90D335CE74CF72B1. [errorCode=gtgacr, moreInformationAt=https://errors.corda.net/OS/4.0/gtgacr] {}
java.lang.IllegalArgumentException: Issuer of the tokens must sign registration
	at bootcamp.TokenContract.verify(TokenContract.java:68) ~[main/:?]
	at net.corda.core.internal.Verifier.verifyContracts(TransactionVerifierServiceInternal.kt:377) ~[corda-core-4.0.jar:?]
	at net.corda.core.internal.Verifier.verify(TransactionVerifierServiceInternal.kt:71) ~[corda-core-4.0.jar:?]
	at net.corda.core.transactions.LedgerTransaction.verify(LedgerTransaction.kt:125) ~[corda-core-4.0.jar:?]
	at net.corda.core.transactions.TransactionBuilder.addMissingDependency(TransactionBuilder.kt:173) ~[corda-core-4.0.jar:?]
	at net.corda.core.transactions.TransactionBuilder.toWireTransactionWithContext$core(TransactionBuilder.kt:160) ~[corda-core-4.0.jar:?]
	at net.corda.core.transactions.TransactionBuilder.toWireTransactionWithContext$core$default(TransactionBuilder.kt:128) ~[corda-core-4.0.jar:?]
	at net.corda.core.transactions.TransactionBuilder.toWireTransaction(TransactionBuilder.kt:125) ~[corda-core-4.0.jar:?]
	at net.corda.testing.dsl.TestTransactionDSLInterpreter.toWireTransaction$test_utils(TestDSL.kt:95) ~[corda-test-utils-4.0.jar:?]
	at net.corda.testing.dsl.TestTransactionDSLInterpreter.verifies(TestDSL.kt:139) ~[corda-test-utils-4.0.jar:?]
	at net.corda.testing.dsl.Verifies$DefaultImpls.failsWith(LedgerDSLInterpreter.kt:45) ~[corda-test-utils-4.0.jar:?]
	at net.corda.testing.dsl.TransactionDSLInterpreter$DefaultImpls.failsWith(TransactionDSLInterpreter.kt) ~[corda-test-utils-4.0.jar:?]
	at net.corda.testing.dsl.TestTransactionDSLInterpreter.failsWith(TestDSL.kt:69) ~[corda-test-utils-4.0.jar:?]
	at net.corda.testing.dsl.Verifies$DefaultImpls.fails(LedgerDSLInterpreter.kt:75) ~[corda-test-utils-4.0.jar:?]
	at net.corda.testing.dsl.TransactionDSLInterpreter$DefaultImpls.fails(TransactionDSLInterpreter.kt) ~[corda-test-utils-4.0.jar:?]
	at net.corda.testing.dsl.TestTransactionDSLInterpreter.fails(TestDSL.kt:69) ~[corda-test-utils-4.0.jar:?]
	at net.corda.testing.dsl.TransactionDSL.fails(TransactionDSLInterpreter.kt) ~[corda-test-utils-4.0.jar:?]
	at bootcamp.ContractTests.lambda$tokenContractRequiresTheIssuerToBeARequiredSignerInTheTransaction$15(ContractTests.java:179) ~[test/:?]
	at net.corda.testing.node.NodeTestUtils$transaction$1.invoke(NodeTestUtils.kt:54) ~[corda-node-driver-4.0.jar:?]
	at net.corda.testing.node.NodeTestUtils$transaction$1.invoke(NodeTestUtils.kt) ~[corda-node-driver-4.0.jar:?]
	at net.corda.testing.node.NodeTestUtils$ledger$2.invoke(NodeTestUtils.kt:39) ~[corda-node-driver-4.0.jar:?]
	at net.corda.testing.node.NodeTestUtils$ledger$2.invoke(NodeTestUtils.kt) ~[corda-node-driver-4.0.jar:?]
	at net.corda.testing.internal.InternalTestUtilsKt$withTestSerializationEnvIfNotSet$1.invoke(InternalTestUtils.kt:214) ~[corda-test-utils-4.0.jar:?]
	at net.corda.testing.internal.InternalTestUtilsKt$withTestSerializationEnvIfNotSet$1.invoke(InternalTestUtils.kt) ~[corda-test-utils-4.0.jar:?]
	at net.corda.testing.common.internal.CommonSerializationTestHelpersKt.asContextEnv(CommonSerializationTestHelpers.kt:11) ~[corda-test-common-4.0.jar:?]
	at net.corda.testing.internal.InternalSerializationTestHelpersKt.asTestContextEnv(InternalSerializationTestHelpers.kt:33) ~[corda-test-utils-4.0.jar:?]
	at net.corda.testing.internal.InternalSerializationTestHelpersKt.asTestContextEnv$default(InternalSerializationTestHelpers.kt:31) ~[corda-test-utils-4.0.jar:?]
	at net.corda.testing.internal.InternalTestUtilsKt.withTestSerializationEnvIfNotSet(InternalTestUtils.kt:214) ~[corda-test-utils-4.0.jar:?]
	at net.corda.testing.node.NodeTestUtils.ledger(NodeTestUtils.kt:36) ~[corda-node-driver-4.0.jar:?]
	at net.corda.testing.node.NodeTestUtils.transaction(NodeTestUtils.kt:53) ~[corda-node-driver-4.0.jar:?]
	at net.corda.testing.node.NodeTestUtils.transaction$default(NodeTestUtils.kt:51) ~[corda-node-driver-4.0.jar:?]
	at net.corda.testing.node.NodeTestUtils.transaction(NodeTestUtils.kt) ~[corda-node-driver-4.0.jar:?]
	at bootcamp.ContractTests.tokenContractRequiresTheIssuerToBeARequiredSignerInTheTransaction(ContractTests.java:175) ~[test/:?]
	at sun.reflect.NativeMethodAccessorImpl.invoke0(Native Method) ~[?:1.8.0_121]
	at sun.reflect.NativeMethodAccessorImpl.invoke(NativeMethodAccessorImpl.java:62) ~[?:1.8.0_121]
	at sun.reflect.DelegatingMethodAccessorImpl.invoke(DelegatingMethodAccessorImpl.java:43) ~[?:1.8.0_121]
	at java.lang.reflect.Method.invoke(Method.java:498) ~[?:1.8.0_121]
	at org.junit.runners.model.FrameworkMethod$1.runReflectiveCall(FrameworkMethod.java:50) ~[junit-4.12.jar:4.12]
	at org.junit.internal.runners.model.ReflectiveCallable.run(ReflectiveCallable.java:12) ~[junit-4.12.jar:4.12]
	at org.junit.runners.model.FrameworkMethod.invokeExplosively(FrameworkMethod.java:47) ~[junit-4.12.jar:4.12]
	at org.junit.internal.runners.statements.InvokeMethod.evaluate(InvokeMethod.java:17) ~[junit-4.12.jar:4.12]
	at org.junit.runners.ParentRunner.runLeaf(ParentRunner.java:325) ~[junit-4.12.jar:4.12]
	at org.junit.runners.BlockJUnit4ClassRunner.runChild(BlockJUnit4ClassRunner.java:78) ~[junit-4.12.jar:4.12]
	at org.junit.runners.BlockJUnit4ClassRunner.runChild(BlockJUnit4ClassRunner.java:57) ~[junit-4.12.jar:4.12]
	at org.junit.runners.ParentRunner$3.run(ParentRunner.java:290) ~[junit-4.12.jar:4.12]
	at org.junit.runners.ParentRunner$1.schedule(ParentRunner.java:71) ~[junit-4.12.jar:4.12]
	at org.junit.runners.ParentRunner.runChildren(ParentRunner.java:288) ~[junit-4.12.jar:4.12]
	at org.junit.runners.ParentRunner.access$000(ParentRunner.java:58) ~[junit-4.12.jar:4.12]
	at org.junit.runners.ParentRunner$2.evaluate(ParentRunner.java:268) ~[junit-4.12.jar:4.12]
	at org.junit.runners.ParentRunner.run(ParentRunner.java:363) ~[junit-4.12.jar:4.12]
	at org.junit.runner.JUnitCore.run(JUnitCore.java:137) ~[junit-4.12.jar:4.12]
	at com.intellij.junit4.JUnit4IdeaTestRunner.startRunnerWithArgs(JUnit4IdeaTestRunner.java:68) ~[junit-rt.jar:?]
	at com.intellij.rt.execution.junit.IdeaTestRunner$Repeater.startRunnerWithArgs(IdeaTestRunner.java:47) ~[junit-rt.jar:?]
	at com.intellij.rt.execution.junit.JUnitStarter.prepareStreamsAndStart(JUnitStarter.java:242) ~[junit-rt.jar:?]
	at com.intellij.rt.execution.junit.JUnitStarter.main(JUnitStarter.java:70) ~[junit-rt.jar:?]
[WARN ] 2019-07-13T18:24:34,835Z [main] contracts.TransactionState.<init> - State class bootcamp.TokenState is not annotated with @BelongsToContract, and does not have an enclosing class which implements Contract. Annotate TokenState with @BelongsToContract(bootcamp.TokenContract.class) to remove this warning. {}
[ERROR] 2019-07-13T18:24:34,836Z [main] internal.Verifier.verifyContracts - Error validating transaction 80AF70ADED2218A8D8DEB1F9AF7B85637EBC1F369AE2EE5C90D335CE74CF72B1. [errorCode=gtgacr, moreInformationAt=https://errors.corda.net/OS/4.0/gtgacr] {}
java.lang.IllegalArgumentException: Issuer of the tokens must sign registration
	at bootcamp.TokenContract.verify(TokenContract.java:68) ~[main/:?]
	at net.corda.core.internal.Verifier.verifyContracts(TransactionVerifierServiceInternal.kt:377) ~[corda-core-4.0.jar:?]
	at net.corda.core.internal.Verifier.verify(TransactionVerifierServiceInternal.kt:71) ~[corda-core-4.0.jar:?]
	at net.corda.core.transactions.LedgerTransaction.verify(LedgerTransaction.kt:125) ~[corda-core-4.0.jar:?]
	at net.corda.testing.dsl.TestTransactionDSLInterpreter.verifies(TestDSL.kt:139) ~[corda-test-utils-4.0.jar:?]
	at net.corda.testing.dsl.Verifies$DefaultImpls.failsWith(LedgerDSLInterpreter.kt:45) ~[corda-test-utils-4.0.jar:?]
	at net.corda.testing.dsl.TransactionDSLInterpreter$DefaultImpls.failsWith(TransactionDSLInterpreter.kt) ~[corda-test-utils-4.0.jar:?]
	at net.corda.testing.dsl.TestTransactionDSLInterpreter.failsWith(TestDSL.kt:69) ~[corda-test-utils-4.0.jar:?]
	at net.corda.testing.dsl.Verifies$DefaultImpls.fails(LedgerDSLInterpreter.kt:75) ~[corda-test-utils-4.0.jar:?]
	at net.corda.testing.dsl.TransactionDSLInterpreter$DefaultImpls.fails(TransactionDSLInterpreter.kt) ~[corda-test-utils-4.0.jar:?]
	at net.corda.testing.dsl.TestTransactionDSLInterpreter.fails(TestDSL.kt:69) ~[corda-test-utils-4.0.jar:?]
	at net.corda.testing.dsl.TransactionDSL.fails(TransactionDSLInterpreter.kt) ~[corda-test-utils-4.0.jar:?]
	at bootcamp.ContractTests.lambda$tokenContractRequiresTheIssuerToBeARequiredSignerInTheTransaction$15(ContractTests.java:179) ~[test/:?]
	at net.corda.testing.node.NodeTestUtils$transaction$1.invoke(NodeTestUtils.kt:54) ~[corda-node-driver-4.0.jar:?]
	at net.corda.testing.node.NodeTestUtils$transaction$1.invoke(NodeTestUtils.kt) ~[corda-node-driver-4.0.jar:?]
	at net.corda.testing.node.NodeTestUtils$ledger$2.invoke(NodeTestUtils.kt:39) ~[corda-node-driver-4.0.jar:?]
	at net.corda.testing.node.NodeTestUtils$ledger$2.invoke(NodeTestUtils.kt) ~[corda-node-driver-4.0.jar:?]
	at net.corda.testing.internal.InternalTestUtilsKt$withTestSerializationEnvIfNotSet$1.invoke(InternalTestUtils.kt:214) ~[corda-test-utils-4.0.jar:?]
	at net.corda.testing.internal.InternalTestUtilsKt$withTestSerializationEnvIfNotSet$1.invoke(InternalTestUtils.kt) ~[corda-test-utils-4.0.jar:?]
	at net.corda.testing.common.internal.CommonSerializationTestHelpersKt.asContextEnv(CommonSerializationTestHelpers.kt:11) ~[corda-test-common-4.0.jar:?]
	at net.corda.testing.internal.InternalSerializationTestHelpersKt.asTestContextEnv(InternalSerializationTestHelpers.kt:33) ~[corda-test-utils-4.0.jar:?]
	at net.corda.testing.internal.InternalSerializationTestHelpersKt.asTestContextEnv$default(InternalSerializationTestHelpers.kt:31) ~[corda-test-utils-4.0.jar:?]
	at net.corda.testing.internal.InternalTestUtilsKt.withTestSerializationEnvIfNotSet(InternalTestUtils.kt:214) ~[corda-test-utils-4.0.jar:?]
	at net.corda.testing.node.NodeTestUtils.ledger(NodeTestUtils.kt:36) ~[corda-node-driver-4.0.jar:?]
	at net.corda.testing.node.NodeTestUtils.transaction(NodeTestUtils.kt:53) ~[corda-node-driver-4.0.jar:?]
	at net.corda.testing.node.NodeTestUtils.transaction$default(NodeTestUtils.kt:51) ~[corda-node-driver-4.0.jar:?]
	at net.corda.testing.node.NodeTestUtils.transaction(NodeTestUtils.kt) ~[corda-node-driver-4.0.jar:?]
	at bootcamp.ContractTests.tokenContractRequiresTheIssuerToBeARequiredSignerInTheTransaction(ContractTests.java:175) ~[test/:?]
	at sun.reflect.NativeMethodAccessorImpl.invoke0(Native Method) ~[?:1.8.0_121]
	at sun.reflect.NativeMethodAccessorImpl.invoke(NativeMethodAccessorImpl.java:62) ~[?:1.8.0_121]
	at sun.reflect.DelegatingMethodAccessorImpl.invoke(DelegatingMethodAccessorImpl.java:43) ~[?:1.8.0_121]
	at java.lang.reflect.Method.invoke(Method.java:498) ~[?:1.8.0_121]
	at org.junit.runners.model.FrameworkMethod$1.runReflectiveCall(FrameworkMethod.java:50) ~[junit-4.12.jar:4.12]
	at org.junit.internal.runners.model.ReflectiveCallable.run(ReflectiveCallable.java:12) ~[junit-4.12.jar:4.12]
	at org.junit.runners.model.FrameworkMethod.invokeExplosively(FrameworkMethod.java:47) ~[junit-4.12.jar:4.12]
	at org.junit.internal.runners.statements.InvokeMethod.evaluate(InvokeMethod.java:17) ~[junit-4.12.jar:4.12]
	at org.junit.runners.ParentRunner.runLeaf(ParentRunner.java:325) ~[junit-4.12.jar:4.12]
	at org.junit.runners.BlockJUnit4ClassRunner.runChild(BlockJUnit4ClassRunner.java:78) ~[junit-4.12.jar:4.12]
	at org.junit.runners.BlockJUnit4ClassRunner.runChild(BlockJUnit4ClassRunner.java:57) ~[junit-4.12.jar:4.12]
	at org.junit.runners.ParentRunner$3.run(ParentRunner.java:290) ~[junit-4.12.jar:4.12]
	at org.junit.runners.ParentRunner$1.schedule(ParentRunner.java:71) ~[junit-4.12.jar:4.12]
	at org.junit.runners.ParentRunner.runChildren(ParentRunner.java:288) ~[junit-4.12.jar:4.12]
	at org.junit.runners.ParentRunner.access$000(ParentRunner.java:58) ~[junit-4.12.jar:4.12]
	at org.junit.runners.ParentRunner$2.evaluate(ParentRunner.java:268) ~[junit-4.12.jar:4.12]
	at org.junit.runners.ParentRunner.run(ParentRunner.java:363) ~[junit-4.12.jar:4.12]
	at org.junit.runner.JUnitCore.run(JUnitCore.java:137) ~[junit-4.12.jar:4.12]
	at com.intellij.junit4.JUnit4IdeaTestRunner.startRunnerWithArgs(JUnit4IdeaTestRunner.java:68) ~[junit-rt.jar:?]
	at com.intellij.rt.execution.junit.IdeaTestRunner$Repeater.startRunnerWithArgs(IdeaTestRunner.java:47) ~[junit-rt.jar:?]
	at com.intellij.rt.execution.junit.JUnitStarter.prepareStreamsAndStart(JUnitStarter.java:242) ~[junit-rt.jar:?]
	at com.intellij.rt.execution.junit.JUnitStarter.main(JUnitStarter.java:70) ~[junit-rt.jar:?]
[WARN ] 2019-07-13T18:24:34,895Z [main] contracts.TransactionState.<init> - State class bootcamp.TokenState is not annotated with @BelongsToContract, and does not have an enclosing class which implements Contract. Annotate TokenState with @BelongsToContract(bootcamp.TokenContract.class) to remove this warning. {}
[WARN ] 2019-07-13T18:24:34,935Z [main] contracts.TransactionState.<init> - State class bootcamp.TokenState is not annotated with @BelongsToContract, and does not have an enclosing class which implements Contract. Annotate TokenState with @BelongsToContract(bootcamp.TokenContract.class) to remove this warning. {}
[WARN ] 2019-07-13T18:24:36,288Z [main] contracts.TransactionState.<init> - State class bootcamp.TokenState is not annotated with @BelongsToContract, and does not have an enclosing class which implements Contract. Annotate TokenState with @BelongsToContract(bootcamp.TokenContract.class) to remove this warning. {}
[WARN ] 2019-07-13T18:24:36,300Z [main] contracts.TransactionState.<init> - State class bootcamp.TokenState is not annotated with @BelongsToContract, and does not have an enclosing class which implements Contract. Annotate TokenState with @BelongsToContract(bootcamp.TokenContract.class) to remove this warning. {}
[WARN ] 2019-07-13T18:24:36,348Z [main] contracts.TransactionState.<init> - State class bootcamp.TokenState is not annotated with @BelongsToContract, and does not have an enclosing class which implements Contract. Annotate TokenState with @BelongsToContract(bootcamp.TokenContract.class) to remove this warning. {}
[WARN ] 2019-07-13T18:24:36,368Z [main] contracts.TransactionState.<init> - State class bootcamp.TokenState is not annotated with @BelongsToContract, and does not have an enclosing class which implements Contract. Annotate TokenState with @BelongsToContract(bootcamp.TokenContract.class) to remove this warning. {}
[WARN ] 2019-07-13T18:24:38,085Z [main] contracts.TransactionState.<init> - State class bootcamp.TokenState is not annotated with @BelongsToContract, and does not have an enclosing class which implements Contract. Annotate TokenState with @BelongsToContract(bootcamp.TokenContract.class) to remove this warning. {}
[WARN ] 2019-07-13T18:24:38,091Z [main] contracts.TransactionState.<init> - State class bootcamp.TokenState is not annotated with @BelongsToContract, and does not have an enclosing class which implements Contract. Annotate TokenState with @BelongsToContract(bootcamp.TokenContract.class) to remove this warning. {}
